Started GET "/" for 127.0.0.1 at 2017-08-26 20:51:28 -0300
Processing by HomeController#main as HTML
  Rendering home/main.html.erb within layouts/application
  Rendered home/main.html.erb within layouts/application (21.3ms)
Completed 200 OK in 19322ms (Views: 14914.1ms)


Started GET "/" for 127.0.0.1 at 2017-08-26 23:14:10 -0300
Processing by HomeController#main as HTML
  Rendering home/main.html.erb within layouts/application
  Rendered home/main.html.erb within layouts/application (1001.6ms)
Completed 500 Internal Server Error in 2632ms


  
ActionView::Template::Error (undefined local variable or method `twitter' for #<#<Class:0x00000002166ff0>:0x0000000208ee98>):
    1: <h1>Home#main</h1>
    2: 
    3: 
    4: <p><%= twitter.client%></p>
  
app/views/home/main.html.erb:4:in `_app_views_home_main_html_erb__3917496673526942551_26659620'
Started GET "/" for 127.0.0.1 at 2017-08-26 23:18:47 -0300
Processing by HomeController#main as HTML
  Rendering home/main.html.erb within layouts/application
  Rendered home/main.html.erb within layouts/application (755.7ms)
Completed 500 Internal Server Error in 907ms


  
ActionView::Template::Error (undefined local variable or method `client' for #<#<Class:0x00000003544cc0>:0x00000003532200>):
    2: 
    3: 
    4: <p>
    5: <%= client.sample do |object| %>
    6: 	<%puts object.text if object.is_a?(Twitter::Tweet)%>
    7: <%end%>	
    8: </p>
  
app/views/home/main.html.erb:5:in `_app_views_home_main_html_erb__3917496673526942551_27929440'
Started GET "/" for 127.0.0.1 at 2017-08-26 23:27:15 -0300
Processing by HomeController#main as HTML
  Rendering home/main.html.erb within layouts/application
  Rendered home/main.html.erb within layouts/application (19.9ms)
Completed 500 Internal Server Error in 57ms


  
ActionView::Template::Error (undefined method `search' for nil:NilClass):
    2: 
    3: 
    4: <p>
    5: <%= @tweeter_client.search("#ruby -rt", lang: "ja").first.text %>	
    6: </p>
  
app/views/home/main.html.erb:5:in `_app_views_home_main_html_erb__3917496673526942551_26286240'
Started GET "/" for 127.0.0.1 at 2017-08-26 23:29:26 -0300
Processing by HomeController#main as HTML
  Rendering home/main.html.erb within layouts/application
  Rendered home/main.html.erb within layouts/application (851.1ms)
Completed 500 Internal Server Error in 883ms


  
ActionView::Template::Error (undefined local variable or method `tweeter_client' for #<#<Class:0x000000032219f8>:0x00000002d06180>):
    2: 
    3: 
    4: <p>
    5:  <%= tweeter_client.search("#ruby -rt", lang: "ja").first.text %>	
    6: </p>
  
app/views/home/main.html.erb:5:in `_app_views_home_main_html_erb__3917496673526942551_23607580'
Started GET "/" for 127.0.0.1 at 2017-08-26 23:35:32 -0300
Processing by HomeController#main as HTML
  Rendering home/main.html.erb within layouts/application
  Rendered home/main.html.erb within layouts/application (15.0ms)
Completed 500 Internal Server Error in 111ms


  
SyntaxError (/home/guillermo/Desktop/DesafioLATAM/september/chile_con_sentido/app/views/home/main.html.erb:9: syntax error, unexpected =>
.take(3).collect do |tweet| =>
                              ^
/home/guillermo/Desktop/DesafioLATAM/september/chile_con_sentido/app/views/home/main.html.erb:13: syntax error, unexpected '<', expecting keyword_end
</p>'.freeze;
 ^
/home/guillermo/Desktop/DesafioLATAM/september/chile_con_sentido/app/views/home/main.html.erb:13: unterminated regexp meets end of file):
  
app/views/home/main.html.erb:9: syntax error, unexpected =>
app/views/home/main.html.erb:13: syntax error, unexpected '<', expecting keyword_end
app/views/home/main.html.erb:13: unterminated regexp meets end of file
Started GET "/" for 127.0.0.1 at 2017-08-26 23:36:29 -0300
Processing by HomeController#main as HTML
  Rendering home/main.html.erb within layouts/application
  Rendered home/main.html.erb within layouts/application (8.7ms)
Completed 500 Internal Server Error in 19ms


  
ActionView::Template::Error (undefined method `search' for nil:NilClass):
    2: 
    3: 
    4: <p>
    5:  <%= @client.search("#ruby -rt", lang: "ja").first.text %>	
    6: </p>
    7: <p>
    8: </p>
  
app/views/home/main.html.erb:5:in `_app_views_home_main_html_erb__3917496673526942551_29480780'
Started GET "/" for 127.0.0.1 at 2017-08-26 23:38:04 -0300
Processing by HomeController#main as HTML
  Rendering home/main.html.erb within layouts/application
  Rendered home/main.html.erb within layouts/application (5271.4ms)
Completed 200 OK in 7339ms (Views: 7331.9ms)


Started GET "/" for 127.0.0.1 at 2017-08-26 23:43:12 -0300
Processing by HomeController#main as HTML
  Rendering home/main.html.erb within layouts/application
  Rendered home/main.html.erb within layouts/application (1855.6ms)
Completed 500 Internal Server Error in 1865ms


  
ActionView::Template::Error (undefined local variable or method `client' for #<#<Class:0x007f43b816d430>:0x007f43b81d78d0>
Did you mean?  @client):
     8: 
     9: <% topics = ["coffee", "tea"] %>
    10: 
    11: <% client.filter(track: topics.join(",")) do |object| %>
    12: <%=  object.text if object.is_a?(Twitter::Tweet) %>
    13: <% end %>
    14: 	
  
app/views/home/main.html.erb:11:in `_app_views_home_main_html_erb__3917496673526942551_69964414021220'
Started GET "/" for 127.0.0.1 at 2017-08-26 23:43:37 -0300
Processing by HomeController#main as HTML
  Rendering home/main.html.erb within layouts/application
  Rendered home/main.html.erb within layouts/application (1088.5ms)
Completed 500 Internal Server Error in 1127ms


  
ActionView::Template::Error (undefined method `filter' for #<Twitter::REST::Client:0x007f43b8223aa0>):
     8: 
     9: <% topics = ["coffee", "tea"] %>
    10: 
    11: <% @client.filter(track: topics.join(",")) do |object| %>
    12: <%=  object.text if object.is_a?(Twitter::Tweet) %>
    13: <% end %>
    14: 	
  
app/views/home/main.html.erb:11:in `_app_views_home_main_html_erb__3917496673526942551_69964414391300'
Started GET "/" for 127.0.0.1 at 2017-08-26 23:44:08 -0300
Processing by HomeController#main as HTML
  Rendering home/main.html.erb within layouts/application
  Rendered home/main.html.erb within layouts/application (1113.7ms)
Completed 500 Internal Server Error in 1127ms


  
ActionView::Template::Error (undefined method `filter' for #<Twitter::REST::Client:0x007f43b84f81e0>):
     8: 
     9: <% topics = ["coffee", "tea"] %>
    10: 
    11: <% @client.filter(track: topics.join(",")) do |object| %>
    12: <%=  object.text if object.is_a?(Twitter::Tweet) %>
    13: <% end %>
    14: 	
  
app/views/home/main.html.erb:11:in `_app_views_home_main_html_erb__3917496673526942551_69964415850260'
Started GET "/" for 127.0.0.1 at 2017-08-26 23:46:54 -0300
Processing by HomeController#main as HTML
  Rendering home/main.html.erb within layouts/application
Started GET "/" for 127.0.0.1 at 2017-08-26 23:49:21 -0300
Started GET "/" for 127.0.0.1 at 2017-08-27 01:51:35 -0300
Processing by HomeController#main as HTML
  Rendering home/main.html.erb within layouts/application
  Rendered home/main.html.erb within layouts/application (2596.1ms)
Completed 500 Internal Server Error in 4391ms


  
ActionView::Template::Error (undefined local variable or method `client' for #<#<Class:0x00000002667130>:0x0000000258e7e0>
Did you mean?  @client
               @client_2):
     7: </p>
     8: <p>
     9: 
    10: <% client.sample do |object| %>
    11: <%=  object.text if object.is_a?(Twitter::Tweet) %>
    12: <% end %>
    13: 	
  
app/views/home/main.html.erb:10:in `_app_views_home_main_html_erb___4390484045151773052_32768660'
Started GET "/" for 127.0.0.1 at 2017-08-27 01:52:26 -0300
Processing by HomeController#main as HTML
  Rendering home/main.html.erb within layouts/application
  Rendered home/main.html.erb within layouts/application (1069.8ms)
Completed 500 Internal Server Error in 1087ms


  
ActionView::Template::Error (undefined method `sample' for #<Twitter::REST::Client:0x00000004004cc8>):
     7: </p>
     8: <p>
     9: 
    10: <% @client.sample do |object| %>
    11: <%=  object.text if object.is_a?(Twitter::Tweet) %>
    12: <% end %>
    13: 	
  
app/views/home/main.html.erb:10:in `_app_views_home_main_html_erb___4390484045151773052_33541920'
Started GET "/" for 127.0.0.1 at 2017-08-27 01:53:12 -0300
Processing by HomeController#main as HTML
  Rendering home/main.html.erb within layouts/application
  Rendered home/main.html.erb within layouts/application (328343.8ms)
Completed 500 Internal Server Error in 328359ms


  
ActionView::Template::Error (end of file reached):
     7: </p>
     8: <p>
     9: 
    10: <% @client_2.sample do |object| %>
    11: <%=  object.text if object.is_a?(Twitter::Tweet) %>
    12: <% end %>
    13: 	
  
app/views/home/main.html.erb:10:in `_app_views_home_main_html_erb___4390484045151773052_27311320'
Started GET "/" for 127.0.0.1 at 2017-08-27 02:02:40 -0300
Processing by HomeController#main as HTML
  Rendering home/main.html.erb within layouts/application
  Rendered home/main.html.erb within layouts/application (308057.7ms)
Completed 500 Internal Server Error in 308069ms


  
ActionView::Template::Error (end of file reached):
    12: </p>
    13: 
    14: <p>
    15: <% @client_2.sample do |object| %>
    16: <%=  object.text if object.is_a?(Twitter::Tweet) %>
    17: <% end %>
    18: </p>
  
app/views/home/main.html.erb:15:in `_app_views_home_main_html_erb___4390484045151773052_35416340'
Started GET "/" for 127.0.0.1 at 2017-08-27 02:11:37 -0300
Processing by HomeController#main as HTML
  Rendering home/main.html.erb within layouts/application
Started GET "/" for 127.0.0.1 at 2017-08-27 02:27:37 -0300
Processing by HomeController#main as HTML
  Rendering home/main.html.erb within layouts/application
Started GET "/" for 127.0.0.1 at 2017-08-27 02:38:34 -0300
Processing by HomeController#main as HTML
  Rendering home/main.html.erb within layouts/application
  Rendered home/main.html.erb within layouts/application (2759.1ms)
Completed 500 Internal Server Error in 3137ms


  
ActionView::Template::Error ():
    18: 
    19: 
    20: <!-- <p>
    21: <% @client_2.sample do |object| %>
    22: <%=  object.text if object.is_a?(Twitter::Tweet) %>
    23: <% end %>
    24: </p> -->
  
app/views/home/main.html.erb:21:in `_app_views_home_main_html_erb___1952055091449737485_70265481323760'
Started GET "/" for 127.0.0.1 at 2017-08-27 02:41:22 -0300
Processing by HomeController#main as HTML
  Rendering home/main.html.erb within layouts/application
Started GET "/" for 127.0.0.1 at 2017-08-27 02:41:41 -0300
Processing by HomeController#main as HTML
  Rendering home/main.html.erb within layouts/application
  Rendered home/main.html.erb within layouts/application (919.3ms)
Completed 500 Internal Server Error in 928ms


  
ActionView::Template::Error (undefined method `update' for #<Twitter::Streaming::Client:0x007fcfee2c6008>):
    12: </p>
    13: 
    14: <p>
    15:  <%= @client_2.update("I'm tweeting with @gem!") %>	
    16: 
    17:  <% @client_2.filter(locations: "-122.75,36.8,-121.75,37.8") do |tweet|  %>
    18: <% puts tweet.text  %>
  
app/views/home/main.html.erb:15:in `_app_views_home_main_html_erb___1952055091449737485_70265515419060'
Started GET "/" for 127.0.0.1 at 2017-08-27 02:42:16 -0300
Processing by HomeController#main as HTML
  Rendering home/main.html.erb within layouts/application
  Rendered home/main.html.erb within layouts/application (1744.8ms)
Completed 500 Internal Server Error in 1755ms


  
ActionView::Template::Error ():
    13: 
    14: <p>
    15: 
    16: <% @client_2.filter(locations: "-122.75,36.8,-121.75,37.8") do |tweet|  %>
    17: <% puts tweet.text  %>
    18: <% end %>
    19: </p>
  
app/views/home/main.html.erb:16:in `_app_views_home_main_html_erb___1952055091449737485_70265493595620'
Started GET "/" for 127.0.0.1 at 2017-08-27 02:42:45 -0300
Processing by HomeController#main as HTML
  Rendering home/main.html.erb within layouts/application
  Rendered home/main.html.erb within layouts/application (998.1ms)
Completed 500 Internal Server Error in 1003ms


  
ActionView::Template::Error (undefined method `filter' for #<Twitter::REST::Client:0x007fcfeb9810f8>):
    13: 
    14: <p>
    15: 
    16: <% @client.filter(locations: "-122.75,36.8,-121.75,37.8") do |tweet|  %>
    17: <% puts tweet.text  %>
    18: <% end %>
    19: </p>
  
app/views/home/main.html.erb:16:in `_app_views_home_main_html_erb___1952055091449737485_70265493773500'
Started GET "/" for 127.0.0.1 at 2017-08-27 02:43:10 -0300
Processing by HomeController#main as HTML
  Rendering home/main.html.erb within layouts/application
  Rendered home/main.html.erb within layouts/application (936.6ms)
Completed 200 OK in 1945ms (Views: 1942.6ms)


Started GET "/" for 127.0.0.1 at 2017-08-27 02:52:27 -0300
Started GET "/" for 127.0.0.1 at 2017-08-27 03:15:42 -0300
Processing by HomeController#main as HTML
  Rendering home/main.html.erb within layouts/application
  Rendered home/main.html.erb within layouts/application (594.2ms)
Completed 500 Internal Server Error in 986ms


  
ActionView::Template::Error (undefined method `text' for nil:NilClass):
     8: 
     9: 
    10: <p>
    11: 	<%= @client.search("#eventos -rt", lang: "ja").first.text %>	
    12: </p>
    13: 
    14: <p>
  
app/views/home/main.html.erb:11:in `_app_views_home_main_html_erb___4539063407852612028_70356474165580'
Started GET "/" for 127.0.0.1 at 2017-08-27 03:17:24 -0300
Processing by HomeController#main as HTML
  Rendering home/main.html.erb within layouts/application
  Rendered home/main.html.erb within layouts/application (567.0ms)
Completed 200 OK in 830ms (Views: 826.7ms)


Started GET "/" for 127.0.0.1 at 2017-08-27 03:44:42 -0300
Processing by HomeController#main as HTML
  Rendering home/main.html.erb within layouts/application
  Rendered home/main.html.erb within layouts/application (603.8ms)
Completed 200 OK in 647ms (Views: 627.1ms)


Started GET "/" for 127.0.0.1 at 2017-08-27 03:51:53 -0300
Processing by HomeController#main as HTML
  Rendering home/main.html.erb within layouts/application
  Rendered home/main.html.erb within layouts/application (602.0ms)
Completed 200 OK in 635ms (Views: 633.0ms)


Started GET "/" for 127.0.0.1 at 2017-08-27 03:52:37 -0300
Processing by HomeController#main as HTML
  Rendering home/main.html.erb within layouts/application
  Rendered home/main.html.erb within layouts/application (628.3ms)
Completed 200 OK in 654ms (Views: 651.7ms)


Started GET "/" for 127.0.0.1 at 2017-08-27 04:00:30 -0300
Processing by HomeController#main as HTML
  Rendering home/main.html.erb within layouts/application
  Rendered home/main.html.erb within layouts/application (596.3ms)
Completed 200 OK in 624ms (Views: 620.6ms)


Started GET "/" for 127.0.0.1 at 2017-08-27 04:02:35 -0300
Processing by HomeController#main as HTML
  Rendering home/main.html.erb within layouts/application
  Rendered home/main.html.erb within layouts/application (568.1ms)
Completed 200 OK in 596ms (Views: 594.3ms)


Started GET "/" for 127.0.0.1 at 2017-08-27 04:14:58 -0300
Processing by HomeController#main as HTML
  Rendering home/main.html.erb within layouts/application
  Rendered home/main.html.erb within layouts/application (1571.9ms)
Completed 200 OK in 1588ms (Views: 1586.2ms)


Started GET "/" for 127.0.0.1 at 2017-08-27 04:17:09 -0300
Processing by HomeController#main as HTML
  Rendering home/main.html.erb within layouts/application
  Rendered home/main.html.erb within layouts/application (1669.4ms)
Completed 200 OK in 1690ms (Views: 1687.1ms)


Started GET "/" for 127.0.0.1 at 2017-08-27 04:17:44 -0300
Processing by HomeController#main as HTML
  Rendering home/main.html.erb within layouts/application
  Rendered home/main.html.erb within layouts/application (1677.8ms)
Completed 200 OK in 1694ms (Views: 1692.1ms)


Started GET "/" for 127.0.0.1 at 2017-08-27 04:18:21 -0300
Processing by HomeController#main as HTML
  Rendering home/main.html.erb within layouts/application
  Rendered home/main.html.erb within layouts/application (1644.8ms)
Completed 200 OK in 1665ms (Views: 1663.3ms)


Started GET "/" for 127.0.0.1 at 2017-08-27 04:52:50 -0300
  
SyntaxError (/Users/gonzalosalinas/Desktop/event_sense/chile_con_sentido/app/controllers/home_controller.rb:5: syntax error, unexpected <<
<<<<<<< HEAD
  ^
/Users/gonzalosalinas/Desktop/event_sense/chile_con_sentido/app/controllers/home_controller.rb:13: syntax error, unexpected ===, expecting keyword_end
=======
   ^
/Users/gonzalosalinas/Desktop/event_sense/chile_con_sentido/app/controllers/home_controller.rb:27: syntax error, unexpected >>, expecting keyword_end
>>>>>>> master
  ^):
  
app/controllers/home_controller.rb:5: syntax error, unexpected <<
app/controllers/home_controller.rb:13: syntax error, unexpected ===, expecting keyword_end
app/controllers/home_controller.rb:27: syntax error, unexpected >>, expecting keyword_end
Started GET "/" for 127.0.0.1 at 2017-08-27 04:52:55 -0300
  
SyntaxError (/Users/gonzalosalinas/Desktop/event_sense/chile_con_sentido/app/controllers/home_controller.rb:5: syntax error, unexpected <<
<<<<<<< HEAD
  ^
/Users/gonzalosalinas/Desktop/event_sense/chile_con_sentido/app/controllers/home_controller.rb:13: syntax error, unexpected ===, expecting keyword_end
=======
   ^
/Users/gonzalosalinas/Desktop/event_sense/chile_con_sentido/app/controllers/home_controller.rb:27: syntax error, unexpected >>, expecting keyword_end
>>>>>>> master
  ^):
  
app/controllers/home_controller.rb:5: syntax error, unexpected <<
app/controllers/home_controller.rb:13: syntax error, unexpected ===, expecting keyword_end
app/controllers/home_controller.rb:27: syntax error, unexpected >>, expecting keyword_end
Started GET "/" for 127.0.0.1 at 2017-08-27 04:54:04 -0300
Processing by HomeController#main as HTML
  Rendering home/main.html.erb within layouts/application
  Rendered home/main.html.erb within layouts/application (1643.6ms)
Completed 200 OK in 2669ms (Views: 2493.0ms)


Started GET "/" for 127.0.0.1 at 2017-08-27 05:05:11 -0300
Processing by HomeController#main as HTML
  Rendering home/main.html.erb within layouts/application
  Rendered home/main.html.erb within layouts/application (1593.1ms)
Completed 200 OK in 1616ms (Views: 1613.1ms)


Started GET "/" for 127.0.0.1 at 2017-08-27 05:07:36 -0300
Processing by HomeController#main as HTML
  Rendering home/main.html.erb within layouts/application
  Rendered home/main.html.erb within layouts/application (0.4ms)
Completed 200 OK in 23ms (Views: 21.1ms)


Started GET "/result" for 127.0.0.1 at 2017-08-27 05:08:25 -0300
  
ActionController::RoutingError (No route matches [GET] "/result"):
  
actionpack (5.1.3) lib/action_dispatch/middleware/debug_exceptions.rb:63:in `call'
web-console (3.5.1) lib/web_console/middleware.rb:135:in `call_app'
web-console (3.5.1) lib/web_console/middleware.rb:28:in `block in call'
web-console (3.5.1) lib/web_console/middleware.rb:18:in `catch'
web-console (3.5.1) lib/web_console/middleware.rb:18:in `call'
actionpack (5.1.3) lib/action_dispatch/middleware/show_exceptions.rb:31:in `call'
railties (5.1.3) lib/rails/rack/logger.rb:36:in `call_app'
railties (5.1.3) lib/rails/rack/logger.rb:24:in `block in call'
activesupport (5.1.3) lib/active_support/tagged_logging.rb:69:in `block in tagged'
activesupport (5.1.3) lib/active_support/tagged_logging.rb:26:in `tagged'
activesupport (5.1.3) lib/active_support/tagged_logging.rb:69:in `tagged'
railties (5.1.3) lib/rails/rack/logger.rb:24:in `call'
sprockets-rails (3.2.0) lib/sprockets/rails/quiet_assets.rb:13:in `call'
actionpack (5.1.3) lib/action_dispatch/middleware/remote_ip.rb:79:in `call'
actionpack (5.1.3) lib/action_dispatch/middleware/request_id.rb:25:in `call'
rack (2.0.3) lib/rack/method_override.rb:22:in `call'
rack (2.0.3) lib/rack/runtime.rb:22:in `call'
activesupport (5.1.3) lib/active_support/cache/strategy/local_cache_middleware.rb:27:in `call'
actionpack (5.1.3) lib/action_dispatch/middleware/executor.rb:12:in `call'
actionpack (5.1.3) lib/action_dispatch/middleware/static.rb:125:in `call'
rack (2.0.3) lib/rack/sendfile.rb:111:in `call'
railties (5.1.3) lib/rails/engine.rb:522:in `call'
puma (3.10.0) lib/puma/configuration.rb:225:in `call'
puma (3.10.0) lib/puma/server.rb:605:in `handle_request'
puma (3.10.0) lib/puma/server.rb:437:in `process_client'
puma (3.10.0) lib/puma/server.rb:301:in `block in run'
puma (3.10.0) lib/puma/thread_pool.rb:120:in `block in spawn_thread'
Started GET "/home/result" for 127.0.0.1 at 2017-08-27 05:08:35 -0300
Processing by HomeController#result as HTML
  Rendering home/result.html.erb within layouts/application
  Rendered home/result.html.erb within layouts/application (6.1ms)
Completed 500 Internal Server Error in 12ms


  
ActionView::Template::Error (undefined method `search' for nil:NilClass):
     9: 
    10: 
    11: 	<p>
    12: 		<% @client.search("to:Chile", result_type: "recent").take(3).each do |tweet| %>
    13: 			<div>
    14: 				<%=	tweet.text %>		
    15: 			</div>
  
app/views/home/result.html.erb:12:in `_app_views_home_result_html_erb___2794537086212536430_70356986202680'
Started GET "/home/result" for 127.0.0.1 at 2017-08-27 05:09:13 -0300
Processing by HomeController#result as HTML
  Rendering home/result.html.erb within layouts/application
  Rendered home/result.html.erb within layouts/application (1583.3ms)
Completed 200 OK in 1603ms (Views: 1601.4ms)


Started GET "/home/main" for 127.0.0.1 at 2017-08-27 05:25:14 -0300
Processing by HomeController#main as HTML
  Rendering home/main.html.erb within layouts/application
  Rendered home/main.html.erb within layouts/application (0.3ms)
Completed 200 OK in 32ms (Views: 29.7ms)


Started GET "/home/main" for 127.0.0.1 at 2017-08-27 05:40:11 -0300
Processing by HomeController#main as HTML
  Rendering home/main.html.erb within layouts/application
  Rendered home/main.html.erb within layouts/application (0.4ms)
Completed 200 OK in 39ms (Views: 36.6ms)


Started GET "/home/main" for 127.0.0.1 at 2017-08-27 05:49:25 -0300
Processing by HomeController#main as HTML
  Rendering home/main.html.erb within layouts/application
  Rendered home/main.html.erb within layouts/application (0.4ms)
Completed 200 OK in 356ms (Views: 354.7ms)


Started GET "/home/main" for 127.0.0.1 at 2017-08-27 05:54:35 -0300
Processing by HomeController#main as HTML
  Rendering home/main.html.erb within layouts/application
  Rendered home/main.html.erb within layouts/application (0.3ms)
Completed 200 OK in 41ms (Views: 39.2ms)


Started GET "/home/main" for 127.0.0.1 at 2017-08-27 05:54:52 -0300
Processing by HomeController#main as HTML
  Rendering home/main.html.erb within layouts/application
  Rendered home/main.html.erb within layouts/application (0.4ms)
Completed 200 OK in 48ms (Views: 45.9ms)


Started GET "/home/main" for 127.0.0.1 at 2017-08-27 05:55:00 -0300
Processing by HomeController#main as HTML
  Rendering home/main.html.erb within layouts/application
  Rendered home/main.html.erb within layouts/application (0.4ms)
Completed 200 OK in 41ms (Views: 38.6ms)


Started GET "/home/main" for 127.0.0.1 at 2017-08-27 05:55:19 -0300
Processing by HomeController#main as HTML
  Rendering home/main.html.erb within layouts/application
  Rendered home/main.html.erb within layouts/application (0.6ms)
Completed 200 OK in 50ms (Views: 44.8ms)


Started GET "/home/main" for 127.0.0.1 at 2017-08-27 05:55:36 -0300
Processing by HomeController#main as HTML
  Rendering home/main.html.erb within layouts/application
  Rendered home/main.html.erb within layouts/application (0.4ms)
Completed 200 OK in 46ms (Views: 42.9ms)


Started GET "/home/main" for 127.0.0.1 at 2017-08-27 05:56:01 -0300
Processing by HomeController#main as HTML
  Rendering home/main.html.erb within layouts/application
  Rendered home/main.html.erb within layouts/application (0.8ms)
Completed 200 OK in 31ms (Views: 27.6ms)


Started GET "/home/main" for 127.0.0.1 at 2017-08-27 05:56:27 -0300
Processing by HomeController#main as HTML
  Rendering home/main.html.erb within layouts/application
  Rendered home/main.html.erb within layouts/application (0.5ms)
Completed 200 OK in 50ms (Views: 47.1ms)


Started GET "/home/main" for 127.0.0.1 at 2017-08-27 05:57:10 -0300
Processing by HomeController#main as HTML
  Rendering home/main.html.erb within layouts/application
  Rendered home/main.html.erb within layouts/application (0.4ms)
Completed 200 OK in 41ms (Views: 38.1ms)


Started GET "/home/main" for 127.0.0.1 at 2017-08-27 05:57:18 -0300
Processing by HomeController#main as HTML
  Rendering home/main.html.erb within layouts/application
  Rendered home/main.html.erb within layouts/application (0.6ms)
Completed 200 OK in 50ms (Views: 47.2ms)


Started GET "/home/main" for 127.0.0.1 at 2017-08-27 05:57:25 -0300
Processing by HomeController#main as HTML
  Rendering home/main.html.erb within layouts/application
  Rendered home/main.html.erb within layouts/application (0.4ms)
Completed 200 OK in 43ms (Views: 39.7ms)


Started GET "/home/main" for 127.0.0.1 at 2017-08-27 05:57:36 -0300
Processing by HomeController#main as HTML
  Rendering home/main.html.erb within layouts/application
  Rendered home/main.html.erb within layouts/application (0.6ms)
Completed 200 OK in 61ms (Views: 58.1ms)


Started GET "/home/main" for 127.0.0.1 at 2017-08-27 05:57:43 -0300
Processing by HomeController#main as HTML
  Rendering home/main.html.erb within layouts/application
  Rendered home/main.html.erb within layouts/application (0.5ms)
Completed 200 OK in 22ms (Views: 19.0ms)


Started GET "/home/main" for 127.0.0.1 at 2017-08-27 05:58:37 -0300
Processing by HomeController#main as HTML
  Rendering home/main.html.erb within layouts/application
  Rendered home/main.html.erb within layouts/application (0.4ms)
Completed 200 OK in 41ms (Views: 38.5ms)


Started GET "/home/main" for 127.0.0.1 at 2017-08-27 05:58:46 -0300
Processing by HomeController#main as HTML
  Rendering home/main.html.erb within layouts/application
  Rendered home/main.html.erb within layouts/application (0.4ms)
Completed 200 OK in 38ms (Views: 36.8ms)


Started GET "/home/main" for 127.0.0.1 at 2017-08-27 05:58:54 -0300
Processing by HomeController#main as HTML
  Rendering home/main.html.erb within layouts/application
  Rendered home/main.html.erb within layouts/application (0.7ms)
Completed 200 OK in 43ms (Views: 39.7ms)


Started GET "/home/main" for 127.0.0.1 at 2017-08-27 05:59:08 -0300
Processing by HomeController#main as HTML
  Rendering home/main.html.erb within layouts/application
  Rendered home/main.html.erb within layouts/application (0.4ms)
Completed 200 OK in 44ms (Views: 42.4ms)


Started GET "/home/main" for 127.0.0.1 at 2017-08-27 05:59:21 -0300
Processing by HomeController#main as HTML
  Rendering home/main.html.erb within layouts/application
  Rendered home/main.html.erb within layouts/application (0.4ms)
Completed 200 OK in 41ms (Views: 39.3ms)


Started GET "/home/main" for 127.0.0.1 at 2017-08-27 05:59:49 -0300
Processing by HomeController#main as HTML
  Rendering home/main.html.erb within layouts/application
  Rendered home/main.html.erb within layouts/application (0.7ms)
Completed 200 OK in 39ms (Views: 36.4ms)


Started GET "/home/main" for 127.0.0.1 at 2017-08-27 06:01:14 -0300
Processing by HomeController#main as HTML
  Rendering home/main.html.erb within layouts/application
  Rendered home/main.html.erb within layouts/application (0.5ms)
Completed 200 OK in 27ms (Views: 24.4ms)


Started GET "/home/main" for 127.0.0.1 at 2017-08-27 06:01:33 -0300
Processing by HomeController#main as HTML
  Rendering home/main.html.erb within layouts/application
  Rendered home/main.html.erb within layouts/application (0.4ms)
Completed 200 OK in 45ms (Views: 43.2ms)


Started GET "/home/main" for 127.0.0.1 at 2017-08-27 06:01:39 -0300
Processing by HomeController#main as HTML
  Rendering home/main.html.erb within layouts/application
  Rendered home/main.html.erb within layouts/application (0.8ms)
Completed 200 OK in 49ms (Views: 46.0ms)


Started GET "/home/main" for 127.0.0.1 at 2017-08-27 06:01:47 -0300
Processing by HomeController#main as HTML
  Rendering home/main.html.erb within layouts/application
  Rendered home/main.html.erb within layouts/application (0.4ms)
Completed 200 OK in 40ms (Views: 37.8ms)


Started GET "/home/main" for 127.0.0.1 at 2017-08-27 06:01:52 -0300
Processing by HomeController#main as HTML
  Rendering home/main.html.erb within layouts/application
  Rendered home/main.html.erb within layouts/application (1.0ms)
Completed 200 OK in 49ms (Views: 45.5ms)


Started GET "/home/main" for 127.0.0.1 at 2017-08-27 06:02:52 -0300
Processing by HomeController#main as HTML
  Rendering home/main.html.erb within layouts/application
  Rendered home/main.html.erb within layouts/application (0.7ms)
Completed 200 OK in 21ms (Views: 19.4ms)


Started GET "/home/main" for 127.0.0.1 at 2017-08-27 06:03:35 -0300
Processing by HomeController#main as HTML
  Rendering home/main.html.erb within layouts/application
  Rendered home/main.html.erb within layouts/application (0.6ms)
Completed 200 OK in 36ms (Views: 33.1ms)


Started GET "/home/main" for 127.0.0.1 at 2017-08-27 06:05:22 -0300
Processing by HomeController#main as HTML
  Rendering home/main.html.erb within layouts/application
  Rendered home/main.html.erb within layouts/application (0.4ms)
Completed 200 OK in 24ms (Views: 21.5ms)


Started GET "/home/main" for 127.0.0.1 at 2017-08-27 06:06:17 -0300
Processing by HomeController#main as HTML
  Rendering home/main.html.erb within layouts/application
  Rendered home/main.html.erb within layouts/application (0.4ms)
Completed 200 OK in 22ms (Views: 19.9ms)


Started GET "/home/main" for 127.0.0.1 at 2017-08-27 06:07:37 -0300
Processing by HomeController#main as HTML
  Rendering home/main.html.erb within layouts/application
  Rendered home/main.html.erb within layouts/application (0.4ms)
Completed 200 OK in 22ms (Views: 19.7ms)


Started GET "/home/main" for 127.0.0.1 at 2017-08-27 06:08:52 -0300
Processing by HomeController#main as HTML
  Rendering home/main.html.erb within layouts/application
  Rendered home/main.html.erb within layouts/application (0.7ms)
Completed 200 OK in 38ms (Views: 34.8ms)


Started GET "/home/main" for 127.0.0.1 at 2017-08-27 06:09:41 -0300
Processing by HomeController#main as HTML
  Rendering home/main.html.erb within layouts/application
  Rendered home/main.html.erb within layouts/application (0.4ms)
Completed 200 OK in 24ms (Views: 21.8ms)


Started GET "/home/main" for 127.0.0.1 at 2017-08-27 06:10:11 -0300
Processing by HomeController#main as HTML
  Rendering home/main.html.erb within layouts/application
  Rendered home/main.html.erb within layouts/application (0.4ms)
Completed 200 OK in 22ms (Views: 19.5ms)


Started GET "/home/main" for 127.0.0.1 at 2017-08-27 06:10:27 -0300
Processing by HomeController#main as HTML
  Rendering home/main.html.erb within layouts/application
  Rendered home/main.html.erb within layouts/application (0.4ms)
Completed 200 OK in 58ms (Views: 55.3ms)


Started GET "/home/main" for 127.0.0.1 at 2017-08-27 06:11:57 -0300
Processing by HomeController#main as HTML
  Rendering home/main.html.erb within layouts/application
  Rendered home/main.html.erb within layouts/application (0.4ms)
Completed 200 OK in 22ms (Views: 19.6ms)


Started GET "/home/main" for 127.0.0.1 at 2017-08-27 06:12:12 -0300
Processing by HomeController#main as HTML
  Rendering home/main.html.erb within layouts/application
  Rendered home/main.html.erb within layouts/application (0.7ms)
Completed 200 OK in 30ms (Views: 27.4ms)


Started GET "/home/main" for 127.0.0.1 at 2017-08-27 06:12:58 -0300
Processing by HomeController#main as HTML
  Rendering home/main.html.erb within layouts/application
  Rendered home/main.html.erb within layouts/application (0.5ms)
Completed 200 OK in 26ms (Views: 22.8ms)


Started GET "/home/main" for 127.0.0.1 at 2017-08-27 06:13:00 -0300
Processing by HomeController#main as HTML
  Rendering home/main.html.erb within layouts/application
  Rendered home/main.html.erb within layouts/application (0.4ms)
Completed 200 OK in 21ms (Views: 18.2ms)


Started GET "/home/main" for 127.0.0.1 at 2017-08-27 06:36:19 -0300
Processing by HomeController#main as HTML
  Rendering home/main.html.erb within layouts/application
  Rendered home/main.html.erb within layouts/application (0.5ms)
Completed 200 OK in 29ms (Views: 26.2ms)


Started GET "/home/main" for 127.0.0.1 at 2017-08-27 06:37:13 -0300
Processing by HomeController#main as HTML
  Rendering home/main.html.erb within layouts/application
  Rendered home/main.html.erb within layouts/application (0.9ms)
Completed 200 OK in 70ms (Views: 65.7ms)


Started GET "/home/main" for 127.0.0.1 at 2017-08-27 06:37:51 -0300
Processing by HomeController#main as HTML
  Rendering home/main.html.erb within layouts/application
  Rendered home/main.html.erb within layouts/application (0.4ms)
Completed 200 OK in 38ms (Views: 35.7ms)


Started GET "/home/main" for 127.0.0.1 at 2017-08-27 06:37:57 -0300
Processing by HomeController#main as HTML
  Rendering home/main.html.erb within layouts/application
  Rendered home/main.html.erb within layouts/application (0.6ms)
Completed 200 OK in 44ms (Views: 40.6ms)


Started GET "/home/main" for 127.0.0.1 at 2017-08-27 06:38:01 -0300
Processing by HomeController#main as HTML
  Rendering home/main.html.erb within layouts/application
  Rendered home/main.html.erb within layouts/application (0.4ms)
Completed 200 OK in 41ms (Views: 38.9ms)


Started GET "/home/main" for 127.0.0.1 at 2017-08-27 06:39:19 -0300
Processing by HomeController#main as HTML
  Rendering home/main.html.erb within layouts/application
  Rendered home/main.html.erb within layouts/application (0.6ms)
Completed 200 OK in 50ms (Views: 47.0ms)


Started GET "/home/main" for 127.0.0.1 at 2017-08-27 06:40:17 -0300
Processing by HomeController#main as HTML
  Rendering home/main.html.erb within layouts/application
  Rendered home/main.html.erb within layouts/application (0.7ms)
Completed 200 OK in 21ms (Views: 19.3ms)


Started GET "/home/main" for 127.0.0.1 at 2017-08-27 06:40:23 -0300
Processing by HomeController#main as HTML
  Rendering home/main.html.erb within layouts/application
  Rendered home/main.html.erb within layouts/application (0.4ms)
Completed 200 OK in 22ms (Views: 20.4ms)


Started GET "/home/main" for 127.0.0.1 at 2017-08-27 06:40:44 -0300
Processing by HomeController#main as HTML
  Rendering home/main.html.erb within layouts/application
  Rendered home/main.html.erb within layouts/application (0.5ms)
Completed 200 OK in 25ms (Views: 23.4ms)


Started GET "/home/main" for 127.0.0.1 at 2017-08-27 06:42:01 -0300
Processing by HomeController#main as HTML
  Rendering home/main.html.erb within layouts/application
  Rendered home/main.html.erb within layouts/application (0.4ms)
Completed 200 OK in 20ms (Views: 17.7ms)


Started GET "/home/main" for 127.0.0.1 at 2017-08-27 06:42:33 -0300
Processing by HomeController#main as HTML
  Rendering home/main.html.erb within layouts/application
  Rendered home/main.html.erb within layouts/application (0.6ms)
Completed 200 OK in 25ms (Views: 22.6ms)


Started GET "/home/main" for 127.0.0.1 at 2017-08-27 06:43:29 -0300
Processing by HomeController#main as HTML
  Rendering home/main.html.erb within layouts/application
  Rendered home/main.html.erb within layouts/application (0.5ms)
Completed 200 OK in 25ms (Views: 21.6ms)


Started GET "/home/main" for 127.0.0.1 at 2017-08-27 06:44:31 -0300
Processing by HomeController#main as HTML
  Rendering home/main.html.erb within layouts/application
  Rendered home/main.html.erb within layouts/application (0.6ms)
Completed 200 OK in 51ms (Views: 48.9ms)


Started GET "/home/main" for 127.0.0.1 at 2017-08-27 06:44:37 -0300
Processing by HomeController#main as HTML
  Rendering home/main.html.erb within layouts/application
  Rendered home/main.html.erb within layouts/application (0.4ms)
Completed 200 OK in 28ms (Views: 26.1ms)


Started GET "/home/main" for 127.0.0.1 at 2017-08-27 06:46:44 -0300
Processing by HomeController#main as HTML
  Rendering home/main.html.erb within layouts/application
  Rendered home/main.html.erb within layouts/application (0.4ms)
Completed 200 OK in 42ms (Views: 40.1ms)


Started GET "/home/main" for 127.0.0.1 at 2017-08-27 06:47:00 -0300
Processing by HomeController#main as HTML
  Rendering home/main.html.erb within layouts/application
  Rendered home/main.html.erb within layouts/application (0.4ms)
Completed 200 OK in 23ms (Views: 20.8ms)


Started GET "/home/main" for 127.0.0.1 at 2017-08-27 06:47:11 -0300
Processing by HomeController#main as HTML
  Rendering home/main.html.erb within layouts/application
  Rendered home/main.html.erb within layouts/application (0.5ms)
Completed 200 OK in 24ms (Views: 21.9ms)


Started GET "/home/main" for 127.0.0.1 at 2017-08-27 06:47:42 -0300
Processing by HomeController#main as HTML
  Rendering home/main.html.erb within layouts/application
  Rendered home/main.html.erb within layouts/application (0.4ms)
Completed 200 OK in 30ms (Views: 27.6ms)


Started GET "/home/main" for 127.0.0.1 at 2017-08-27 06:47:49 -0300
Processing by HomeController#main as HTML
  Rendering home/main.html.erb within layouts/application
  Rendered home/main.html.erb within layouts/application (0.4ms)
Completed 200 OK in 24ms (Views: 22.3ms)


Started GET "/home/main" for 127.0.0.1 at 2017-08-27 06:47:54 -0300
Processing by HomeController#main as HTML
  Rendering home/main.html.erb within layouts/application
  Rendered home/main.html.erb within layouts/application (0.4ms)
Completed 200 OK in 24ms (Views: 22.5ms)


Started GET "/home/main" for 127.0.0.1 at 2017-08-27 06:48:25 -0300
Processing by HomeController#main as HTML
  Rendering home/main.html.erb within layouts/application
  Rendered home/main.html.erb within layouts/application (0.5ms)
Completed 200 OK in 47ms (Views: 45.1ms)


Started GET "/home/main" for 127.0.0.1 at 2017-08-27 06:49:39 -0300
Processing by HomeController#main as HTML
  Rendering home/main.html.erb within layouts/application
  Rendered home/main.html.erb within layouts/application (0.6ms)
Completed 200 OK in 45ms (Views: 41.5ms)


Started GET "/home/main" for 127.0.0.1 at 2017-08-27 06:49:50 -0300
Processing by HomeController#main as HTML
  Rendering home/main.html.erb within layouts/application
  Rendered home/main.html.erb within layouts/application (1.0ms)
Completed 200 OK in 52ms (Views: 49.1ms)


Started GET "/home/main" for 127.0.0.1 at 2017-08-27 06:49:58 -0300
Processing by HomeController#main as HTML
  Rendering home/main.html.erb within layouts/application
  Rendered home/main.html.erb within layouts/application (0.7ms)
Completed 200 OK in 47ms (Views: 43.5ms)


Started GET "/home/main" for 127.0.0.1 at 2017-08-27 06:50:04 -0300
Processing by HomeController#main as HTML
  Rendering home/main.html.erb within layouts/application
  Rendered home/main.html.erb within layouts/application (0.5ms)
Completed 200 OK in 56ms (Views: 54.1ms)


Started GET "/home/main" for 127.0.0.1 at 2017-08-27 06:50:13 -0300
Processing by HomeController#main as HTML
  Rendering home/main.html.erb within layouts/application
  Rendered home/main.html.erb within layouts/application (0.4ms)
Completed 200 OK in 52ms (Views: 47.6ms)


Started GET "/home/main" for 127.0.0.1 at 2017-08-27 06:50:47 -0300
Processing by HomeController#main as HTML
  Rendering home/main.html.erb within layouts/application
  Rendered home/main.html.erb within layouts/application (0.5ms)
Completed 200 OK in 27ms (Views: 25.0ms)


Started GET "/home/main" for 127.0.0.1 at 2017-08-27 06:51:14 -0300
Processing by HomeController#main as HTML
  Rendering home/main.html.erb within layouts/application
  Rendered home/main.html.erb within layouts/application (0.5ms)
Completed 200 OK in 44ms (Views: 40.8ms)


Started GET "/home/main" for 127.0.0.1 at 2017-08-27 06:53:21 -0300
Processing by HomeController#main as HTML
  Rendering home/main.html.erb within layouts/application
  Rendered home/main.html.erb within layouts/application (0.4ms)
Completed 200 OK in 26ms (Views: 23.9ms)


Started GET "/home/main" for 127.0.0.1 at 2017-08-27 06:53:39 -0300
Processing by HomeController#main as HTML
  Rendering home/main.html.erb within layouts/application
  Rendered home/main.html.erb within layouts/application (0.5ms)
Completed 200 OK in 42ms (Views: 40.4ms)


Started GET "/home/main" for 127.0.0.1 at 2017-08-27 06:53:53 -0300
Processing by HomeController#main as HTML
  Rendering home/main.html.erb within layouts/application
  Rendered home/main.html.erb within layouts/application (0.5ms)
Completed 200 OK in 52ms (Views: 49.7ms)


Started GET "/home/main" for 127.0.0.1 at 2017-08-27 07:01:31 -0300
Processing by HomeController#main as HTML
  Rendering home/main.html.erb within layouts/application
  Rendered home/main.html.erb within layouts/application (1.2ms)
Completed 200 OK in 41ms (Views: 39.1ms)


Started GET "/home/main" for 127.0.0.1 at 2017-08-27 07:01:43 -0300
Processing by HomeController#main as HTML
  Rendering home/main.html.erb within layouts/application
  Rendered home/main.html.erb within layouts/application (0.5ms)
Completed 200 OK in 44ms (Views: 40.6ms)


Started GET "/home/main" for 127.0.0.1 at 2017-08-27 07:02:11 -0300
Processing by HomeController#main as HTML
  Rendering home/main.html.erb within layouts/application
  Rendered home/main.html.erb within layouts/application (0.7ms)
Completed 200 OK in 48ms (Views: 44.7ms)


Started GET "/home/main" for 127.0.0.1 at 2017-08-27 07:02:26 -0300
Processing by HomeController#main as HTML
  Rendering home/main.html.erb within layouts/application
  Rendered home/main.html.erb within layouts/application (0.5ms)
Completed 200 OK in 49ms (Views: 45.4ms)


Started GET "/home/main" for 127.0.0.1 at 2017-08-27 07:02:33 -0300
Processing by HomeController#main as HTML
  Rendering home/main.html.erb within layouts/application
  Rendered home/main.html.erb within layouts/application (0.7ms)
Completed 200 OK in 57ms (Views: 53.7ms)


Started GET "/home/main" for 127.0.0.1 at 2017-08-27 07:03:00 -0300
Processing by HomeController#main as HTML
  Rendering home/main.html.erb within layouts/application
  Rendered home/main.html.erb within layouts/application (0.5ms)
Completed 200 OK in 42ms (Views: 39.4ms)


Started GET "/home/main" for 127.0.0.1 at 2017-08-27 07:03:24 -0300
Processing by HomeController#main as HTML
  Rendering home/main.html.erb within layouts/application
  Rendered home/main.html.erb within layouts/application (0.4ms)
Completed 200 OK in 40ms (Views: 37.4ms)


Started GET "/home/main" for 127.0.0.1 at 2017-08-27 07:03:58 -0300
Processing by HomeController#main as HTML
  Rendering home/main.html.erb within layouts/application
  Rendered home/main.html.erb within layouts/application (0.6ms)
Completed 200 OK in 48ms (Views: 45.7ms)


Started GET "/home/main" for 127.0.0.1 at 2017-08-27 07:04:04 -0300
Processing by HomeController#main as HTML
  Rendering home/main.html.erb within layouts/application
  Rendered home/main.html.erb within layouts/application (0.8ms)
Completed 200 OK in 48ms (Views: 44.4ms)


Started GET "/home/main" for 127.0.0.1 at 2017-08-27 07:04:14 -0300
Processing by HomeController#main as HTML
  Rendering home/main.html.erb within layouts/application
  Rendered home/main.html.erb within layouts/application (0.3ms)
Completed 200 OK in 41ms (Views: 39.5ms)


Started GET "/home/main" for 127.0.0.1 at 2017-08-27 07:04:21 -0300
Processing by HomeController#main as HTML
  Rendering home/main.html.erb within layouts/application
  Rendered home/main.html.erb within layouts/application (0.4ms)
Completed 200 OK in 44ms (Views: 42.0ms)


Started GET "/home/main" for 127.0.0.1 at 2017-08-27 07:04:25 -0300
Processing by HomeController#main as HTML
  Rendering home/main.html.erb within layouts/application
  Rendered home/main.html.erb within layouts/application (0.7ms)
Completed 200 OK in 49ms (Views: 44.8ms)


Started GET "/home/main" for 127.0.0.1 at 2017-08-27 07:04:30 -0300
Processing by HomeController#main as HTML
  Rendering home/main.html.erb within layouts/application
  Rendered home/main.html.erb within layouts/application (0.4ms)
Completed 200 OK in 39ms (Views: 37.2ms)


Started GET "/home/main" for 127.0.0.1 at 2017-08-27 07:06:08 -0300
Processing by HomeController#main as HTML
  Rendering home/main.html.erb within layouts/application
  Rendered home/main.html.erb within layouts/application (0.6ms)
Completed 200 OK in 43ms (Views: 40.1ms)


Started GET "/home/main" for 127.0.0.1 at 2017-08-27 07:06:16 -0300
Processing by HomeController#main as HTML
  Rendering home/main.html.erb within layouts/application
  Rendered home/main.html.erb within layouts/application (0.5ms)
Completed 200 OK in 53ms (Views: 50.1ms)


Started GET "/home/main" for 127.0.0.1 at 2017-08-27 07:08:12 -0300
Processing by HomeController#main as HTML
  Rendering home/main.html.erb within layouts/application
  Rendered home/main.html.erb within layouts/application (0.6ms)
Completed 200 OK in 42ms (Views: 38.6ms)


Started GET "/home/main" for 127.0.0.1 at 2017-08-27 07:08:36 -0300
Processing by HomeController#main as HTML
  Rendering home/main.html.erb within layouts/application
  Rendered home/main.html.erb within layouts/application (0.6ms)
Completed 200 OK in 28ms (Views: 25.4ms)


Started GET "/home/main" for 127.0.0.1 at 2017-08-27 07:16:11 -0300
Processing by HomeController#main as HTML
  Rendering home/main.html.erb within layouts/application
  Rendered home/main.html.erb within layouts/application (2.5ms)
Completed 200 OK in 86ms (Views: 83.3ms)


Started GET "/home/url('/assets/lupa-0d9abfc530c55ad23619fcf5aac3782752e76e6371e3fb3168a4b426ed37e367.png')" for 127.0.0.1 at 2017-08-27 07:16:11 -0300
  
ActionController::RoutingError (No route matches [GET] "/home/url('/assets/lupa-0d9abfc530c55ad23619fcf5aac3782752e76e6371e3fb3168a4b426ed37e367.png')"):
  
actionpack (5.1.3) lib/action_dispatch/middleware/debug_exceptions.rb:63:in `call'
web-console (3.5.1) lib/web_console/middleware.rb:135:in `call_app'
web-console (3.5.1) lib/web_console/middleware.rb:28:in `block in call'
web-console (3.5.1) lib/web_console/middleware.rb:18:in `catch'
web-console (3.5.1) lib/web_console/middleware.rb:18:in `call'
actionpack (5.1.3) lib/action_dispatch/middleware/show_exceptions.rb:31:in `call'
railties (5.1.3) lib/rails/rack/logger.rb:36:in `call_app'
railties (5.1.3) lib/rails/rack/logger.rb:24:in `block in call'
activesupport (5.1.3) lib/active_support/tagged_logging.rb:69:in `block in tagged'
activesupport (5.1.3) lib/active_support/tagged_logging.rb:26:in `tagged'
activesupport (5.1.3) lib/active_support/tagged_logging.rb:69:in `tagged'
railties (5.1.3) lib/rails/rack/logger.rb:24:in `call'
sprockets-rails (3.2.0) lib/sprockets/rails/quiet_assets.rb:13:in `call'
actionpack (5.1.3) lib/action_dispatch/middleware/remote_ip.rb:79:in `call'
actionpack (5.1.3) lib/action_dispatch/middleware/request_id.rb:25:in `call'
rack (2.0.3) lib/rack/method_override.rb:22:in `call'
rack (2.0.3) lib/rack/runtime.rb:22:in `call'
activesupport (5.1.3) lib/active_support/cache/strategy/local_cache_middleware.rb:27:in `call'
actionpack (5.1.3) lib/action_dispatch/middleware/executor.rb:12:in `call'
actionpack (5.1.3) lib/action_dispatch/middleware/static.rb:125:in `call'
rack (2.0.3) lib/rack/sendfile.rb:111:in `call'
railties (5.1.3) lib/rails/engine.rb:522:in `call'
puma (3.10.0) lib/puma/configuration.rb:225:in `call'
puma (3.10.0) lib/puma/server.rb:605:in `handle_request'
puma (3.10.0) lib/puma/server.rb:437:in `process_client'
puma (3.10.0) lib/puma/server.rb:301:in `block in run'
puma (3.10.0) lib/puma/thread_pool.rb:120:in `block in spawn_thread'
Started GET "/home/main" for 127.0.0.1 at 2017-08-27 07:16:33 -0300
Processing by HomeController#main as HTML
  Rendering home/main.html.erb within layouts/application
  Rendered home/main.html.erb within layouts/application (1.5ms)
Completed 200 OK in 27ms (Views: 24.4ms)


Started GET "/home/main" for 127.0.0.1 at 2017-08-27 07:18:05 -0300
Processing by HomeController#main as HTML
  Rendering home/main.html.erb within layouts/application
  Rendered home/main.html.erb within layouts/application (332.1ms)
Completed 200 OK in 360ms (Views: 357.6ms)


Started GET "/home/main" for 127.0.0.1 at 2017-08-27 07:19:02 -0300
Processing by HomeController#main as HTML
  Rendering home/main.html.erb within layouts/application
  Rendered home/main.html.erb within layouts/application (1.3ms)
Completed 200 OK in 27ms (Views: 25.5ms)


Started GET "/home/root_patch" for 127.0.0.1 at 2017-08-27 07:19:06 -0300
  
ActionController::RoutingError (No route matches [GET] "/home/root_patch"):
  
actionpack (5.1.3) lib/action_dispatch/middleware/debug_exceptions.rb:63:in `call'
web-console (3.5.1) lib/web_console/middleware.rb:135:in `call_app'
web-console (3.5.1) lib/web_console/middleware.rb:28:in `block in call'
web-console (3.5.1) lib/web_console/middleware.rb:18:in `catch'
web-console (3.5.1) lib/web_console/middleware.rb:18:in `call'
actionpack (5.1.3) lib/action_dispatch/middleware/show_exceptions.rb:31:in `call'
railties (5.1.3) lib/rails/rack/logger.rb:36:in `call_app'
railties (5.1.3) lib/rails/rack/logger.rb:24:in `block in call'
activesupport (5.1.3) lib/active_support/tagged_logging.rb:69:in `block in tagged'
activesupport (5.1.3) lib/active_support/tagged_logging.rb:26:in `tagged'
activesupport (5.1.3) lib/active_support/tagged_logging.rb:69:in `tagged'
railties (5.1.3) lib/rails/rack/logger.rb:24:in `call'
sprockets-rails (3.2.0) lib/sprockets/rails/quiet_assets.rb:13:in `call'
actionpack (5.1.3) lib/action_dispatch/middleware/remote_ip.rb:79:in `call'
actionpack (5.1.3) lib/action_dispatch/middleware/request_id.rb:25:in `call'
rack (2.0.3) lib/rack/method_override.rb:22:in `call'
rack (2.0.3) lib/rack/runtime.rb:22:in `call'
activesupport (5.1.3) lib/active_support/cache/strategy/local_cache_middleware.rb:27:in `call'
actionpack (5.1.3) lib/action_dispatch/middleware/executor.rb:12:in `call'
actionpack (5.1.3) lib/action_dispatch/middleware/static.rb:125:in `call'
rack (2.0.3) lib/rack/sendfile.rb:111:in `call'
railties (5.1.3) lib/rails/engine.rb:522:in `call'
puma (3.10.0) lib/puma/configuration.rb:225:in `call'
puma (3.10.0) lib/puma/server.rb:605:in `handle_request'
puma (3.10.0) lib/puma/server.rb:437:in `process_client'
puma (3.10.0) lib/puma/server.rb:301:in `block in run'
puma (3.10.0) lib/puma/thread_pool.rb:120:in `block in spawn_thread'
Started GET "/home/root_patch" for 127.0.0.1 at 2017-08-27 07:19:06 -0300
  
ActionController::RoutingError (No route matches [GET] "/home/root_patch"):
  
actionpack (5.1.3) lib/action_dispatch/middleware/debug_exceptions.rb:63:in `call'
web-console (3.5.1) lib/web_console/middleware.rb:135:in `call_app'
web-console (3.5.1) lib/web_console/middleware.rb:28:in `block in call'
web-console (3.5.1) lib/web_console/middleware.rb:18:in `catch'
web-console (3.5.1) lib/web_console/middleware.rb:18:in `call'
actionpack (5.1.3) lib/action_dispatch/middleware/show_exceptions.rb:31:in `call'
railties (5.1.3) lib/rails/rack/logger.rb:36:in `call_app'
railties (5.1.3) lib/rails/rack/logger.rb:24:in `block in call'
activesupport (5.1.3) lib/active_support/tagged_logging.rb:69:in `block in tagged'
activesupport (5.1.3) lib/active_support/tagged_logging.rb:26:in `tagged'
activesupport (5.1.3) lib/active_support/tagged_logging.rb:69:in `tagged'
railties (5.1.3) lib/rails/rack/logger.rb:24:in `call'
sprockets-rails (3.2.0) lib/sprockets/rails/quiet_assets.rb:13:in `call'
actionpack (5.1.3) lib/action_dispatch/middleware/remote_ip.rb:79:in `call'
actionpack (5.1.3) lib/action_dispatch/middleware/request_id.rb:25:in `call'
rack (2.0.3) lib/rack/method_override.rb:22:in `call'
rack (2.0.3) lib/rack/runtime.rb:22:in `call'
activesupport (5.1.3) lib/active_support/cache/strategy/local_cache_middleware.rb:27:in `call'
actionpack (5.1.3) lib/action_dispatch/middleware/executor.rb:12:in `call'
actionpack (5.1.3) lib/action_dispatch/middleware/static.rb:125:in `call'
rack (2.0.3) lib/rack/sendfile.rb:111:in `call'
railties (5.1.3) lib/rails/engine.rb:522:in `call'
puma (3.10.0) lib/puma/configuration.rb:225:in `call'
puma (3.10.0) lib/puma/server.rb:605:in `handle_request'
puma (3.10.0) lib/puma/server.rb:437:in `process_client'
puma (3.10.0) lib/puma/server.rb:301:in `block in run'
puma (3.10.0) lib/puma/thread_pool.rb:120:in `block in spawn_thread'
Started GET "/home/main" for 127.0.0.1 at 2017-08-27 07:19:14 -0300
Processing by HomeController#main as HTML
  Rendering home/main.html.erb within layouts/application
  Rendered home/main.html.erb within layouts/application (1.7ms)
Completed 200 OK in 29ms (Views: 25.8ms)


Started GET "/home/main" for 127.0.0.1 at 2017-08-27 07:19:21 -0300
Processing by HomeController#main as HTML
  Rendering home/main.html.erb within layouts/application
  Rendered home/main.html.erb within layouts/application (1.4ms)
Completed 200 OK in 28ms (Views: 23.8ms)


Started GET "/home/root_path" for 127.0.0.1 at 2017-08-27 07:19:24 -0300
  
ActionController::RoutingError (No route matches [GET] "/home/root_path"):
  
actionpack (5.1.3) lib/action_dispatch/middleware/debug_exceptions.rb:63:in `call'
web-console (3.5.1) lib/web_console/middleware.rb:135:in `call_app'
web-console (3.5.1) lib/web_console/middleware.rb:28:in `block in call'
web-console (3.5.1) lib/web_console/middleware.rb:18:in `catch'
web-console (3.5.1) lib/web_console/middleware.rb:18:in `call'
actionpack (5.1.3) lib/action_dispatch/middleware/show_exceptions.rb:31:in `call'
railties (5.1.3) lib/rails/rack/logger.rb:36:in `call_app'
railties (5.1.3) lib/rails/rack/logger.rb:24:in `block in call'
activesupport (5.1.3) lib/active_support/tagged_logging.rb:69:in `block in tagged'
activesupport (5.1.3) lib/active_support/tagged_logging.rb:26:in `tagged'
activesupport (5.1.3) lib/active_support/tagged_logging.rb:69:in `tagged'
railties (5.1.3) lib/rails/rack/logger.rb:24:in `call'
sprockets-rails (3.2.0) lib/sprockets/rails/quiet_assets.rb:13:in `call'
actionpack (5.1.3) lib/action_dispatch/middleware/remote_ip.rb:79:in `call'
actionpack (5.1.3) lib/action_dispatch/middleware/request_id.rb:25:in `call'
rack (2.0.3) lib/rack/method_override.rb:22:in `call'
rack (2.0.3) lib/rack/runtime.rb:22:in `call'
activesupport (5.1.3) lib/active_support/cache/strategy/local_cache_middleware.rb:27:in `call'
actionpack (5.1.3) lib/action_dispatch/middleware/executor.rb:12:in `call'
actionpack (5.1.3) lib/action_dispatch/middleware/static.rb:125:in `call'
rack (2.0.3) lib/rack/sendfile.rb:111:in `call'
railties (5.1.3) lib/rails/engine.rb:522:in `call'
puma (3.10.0) lib/puma/configuration.rb:225:in `call'
puma (3.10.0) lib/puma/server.rb:605:in `handle_request'
puma (3.10.0) lib/puma/server.rb:437:in `process_client'
puma (3.10.0) lib/puma/server.rb:301:in `block in run'
puma (3.10.0) lib/puma/thread_pool.rb:120:in `block in spawn_thread'
Started GET "/home/main" for 127.0.0.1 at 2017-08-27 07:19:31 -0300
Processing by HomeController#main as HTML
  Rendering home/main.html.erb within layouts/application
  Rendered home/main.html.erb within layouts/application (1.5ms)
Completed 200 OK in 26ms (Views: 23.6ms)


Started GET "/home/root_path" for 127.0.0.1 at 2017-08-27 07:19:38 -0300
  
ActionController::RoutingError (No route matches [GET] "/home/root_path"):
  
actionpack (5.1.3) lib/action_dispatch/middleware/debug_exceptions.rb:63:in `call'
web-console (3.5.1) lib/web_console/middleware.rb:135:in `call_app'
web-console (3.5.1) lib/web_console/middleware.rb:28:in `block in call'
web-console (3.5.1) lib/web_console/middleware.rb:18:in `catch'
web-console (3.5.1) lib/web_console/middleware.rb:18:in `call'
actionpack (5.1.3) lib/action_dispatch/middleware/show_exceptions.rb:31:in `call'
railties (5.1.3) lib/rails/rack/logger.rb:36:in `call_app'
railties (5.1.3) lib/rails/rack/logger.rb:24:in `block in call'
activesupport (5.1.3) lib/active_support/tagged_logging.rb:69:in `block in tagged'
activesupport (5.1.3) lib/active_support/tagged_logging.rb:26:in `tagged'
activesupport (5.1.3) lib/active_support/tagged_logging.rb:69:in `tagged'
railties (5.1.3) lib/rails/rack/logger.rb:24:in `call'
sprockets-rails (3.2.0) lib/sprockets/rails/quiet_assets.rb:13:in `call'
actionpack (5.1.3) lib/action_dispatch/middleware/remote_ip.rb:79:in `call'
actionpack (5.1.3) lib/action_dispatch/middleware/request_id.rb:25:in `call'
rack (2.0.3) lib/rack/method_override.rb:22:in `call'
rack (2.0.3) lib/rack/runtime.rb:22:in `call'
activesupport (5.1.3) lib/active_support/cache/strategy/local_cache_middleware.rb:27:in `call'
actionpack (5.1.3) lib/action_dispatch/middleware/executor.rb:12:in `call'
actionpack (5.1.3) lib/action_dispatch/middleware/static.rb:125:in `call'
rack (2.0.3) lib/rack/sendfile.rb:111:in `call'
railties (5.1.3) lib/rails/engine.rb:522:in `call'
puma (3.10.0) lib/puma/configuration.rb:225:in `call'
puma (3.10.0) lib/puma/server.rb:605:in `handle_request'
puma (3.10.0) lib/puma/server.rb:437:in `process_client'
puma (3.10.0) lib/puma/server.rb:301:in `block in run'
puma (3.10.0) lib/puma/thread_pool.rb:120:in `block in spawn_thread'
Started GET "/home/main" for 127.0.0.1 at 2017-08-27 07:19:41 -0300
Processing by HomeController#main as HTML
  Rendering home/main.html.erb within layouts/application
  Rendered home/main.html.erb within layouts/application (1.5ms)
Completed 200 OK in 26ms (Views: 23.2ms)


Started GET "/home/main" for 127.0.0.1 at 2017-08-27 07:21:33 -0300
Processing by HomeController#main as HTML
  Rendering home/main.html.erb within layouts/application
  Rendered home/main.html.erb within layouts/application (2.6ms)
Completed 200 OK in 35ms (Views: 31.7ms)


Started GET "/home/main" for 127.0.0.1 at 2017-08-27 07:22:47 -0300
Processing by HomeController#main as HTML
  Rendering home/main.html.erb within layouts/application
  Rendered home/main.html.erb within layouts/application (1.7ms)
Completed 200 OK in 53ms (Views: 49.8ms)


Started GET "/home/main" for 127.0.0.1 at 2017-08-27 07:24:03 -0300
Processing by HomeController#main as HTML
  Rendering home/main.html.erb within layouts/application
  Rendered home/main.html.erb within layouts/application (1.6ms)
Completed 200 OK in 30ms (Views: 28.2ms)


Started GET "/home/main" for 127.0.0.1 at 2017-08-27 07:24:23 -0300
Processing by HomeController#main as HTML
  Rendering home/main.html.erb within layouts/application
  Rendered home/main.html.erb within layouts/application (1.8ms)
Completed 200 OK in 26ms (Views: 23.4ms)


Started GET "/home/main" for 127.0.0.1 at 2017-08-27 07:24:57 -0300
Processing by HomeController#main as HTML
  Rendering home/main.html.erb within layouts/application
  Rendered home/main.html.erb within layouts/application (1.4ms)
Completed 200 OK in 42ms (Views: 39.0ms)


Started GET "/home/main" for 127.0.0.1 at 2017-08-27 07:25:08 -0300
Processing by HomeController#main as HTML
  Rendering home/main.html.erb within layouts/application
  Rendered home/main.html.erb within layouts/application (2.8ms)
Completed 200 OK in 53ms (Views: 49.6ms)


Started GET "/home/main" for 127.0.0.1 at 2017-08-27 07:25:14 -0300
Processing by HomeController#main as HTML
  Rendering home/main.html.erb within layouts/application
  Rendered home/main.html.erb within layouts/application (1.6ms)
Completed 200 OK in 42ms (Views: 39.9ms)


Started GET "/home/main" for 127.0.0.1 at 2017-08-27 07:25:33 -0300
Processing by HomeController#main as HTML
  Rendering home/main.html.erb within layouts/application
  Rendered home/main.html.erb within layouts/application (1.6ms)
Completed 200 OK in 30ms (Views: 27.3ms)


Started GET "/home/main" for 127.0.0.1 at 2017-08-27 07:26:57 -0300
Processing by HomeController#main as HTML
  Rendering home/main.html.erb within layouts/application
  Rendered home/main.html.erb within layouts/application (1.7ms)
Completed 200 OK in 52ms (Views: 49.1ms)


Started GET "/home/main" for 127.0.0.1 at 2017-08-27 07:27:13 -0300
Processing by HomeController#main as HTML
  Rendering home/main.html.erb within layouts/application
  Rendered home/main.html.erb within layouts/application (1.5ms)
Completed 200 OK in 51ms (Views: 48.8ms)


Started GET "/home/main" for 127.0.0.1 at 2017-08-27 07:27:23 -0300
Processing by HomeController#main as HTML
  Rendering home/main.html.erb within layouts/application
  Rendered home/main.html.erb within layouts/application (1.8ms)
Completed 200 OK in 55ms (Views: 52.1ms)


Started GET "/home/main" for 127.0.0.1 at 2017-08-27 07:27:32 -0300
Processing by HomeController#main as HTML
  Rendering home/main.html.erb within layouts/application
  Rendered home/main.html.erb within layouts/application (1.6ms)
Completed 200 OK in 78ms (Views: 75.4ms)


Started GET "/home/main" for 127.0.0.1 at 2017-08-27 07:28:08 -0300
Processing by HomeController#main as HTML
  Rendering home/main.html.erb within layouts/application
  Rendered home/main.html.erb within layouts/application (1.8ms)
Completed 200 OK in 62ms (Views: 59.7ms)


Started GET "/home/main" for 127.0.0.1 at 2017-08-27 07:28:19 -0300
Processing by HomeController#main as HTML
  Rendering home/main.html.erb within layouts/application
  Rendered home/main.html.erb within layouts/application (2.6ms)
Completed 200 OK in 59ms (Views: 55.9ms)


Started GET "/home/main" for 127.0.0.1 at 2017-08-27 07:28:30 -0300
Processing by HomeController#main as HTML
  Rendering home/main.html.erb within layouts/application
  Rendered home/main.html.erb within layouts/application (2.7ms)
Completed 200 OK in 57ms (Views: 54.1ms)


Started GET "/home/main" for 127.0.0.1 at 2017-08-27 07:29:20 -0300
Processing by HomeController#main as HTML
  Rendering home/main.html.erb within layouts/application
  Rendered home/main.html.erb within layouts/application (1.8ms)
Completed 200 OK in 27ms (Views: 24.5ms)


Started GET "/home/main" for 127.0.0.1 at 2017-08-27 07:29:33 -0300
Processing by HomeController#main as HTML
  Rendering home/main.html.erb within layouts/application
  Rendered home/main.html.erb within layouts/application (2.2ms)
Completed 200 OK in 28ms (Views: 25.2ms)


Started GET "/home/main" for 127.0.0.1 at 2017-08-27 07:29:42 -0300
Processing by HomeController#main as HTML
  Rendering home/main.html.erb within layouts/application
  Rendered home/main.html.erb within layouts/application (2.8ms)
Completed 200 OK in 42ms (Views: 38.2ms)


Started GET "/home/main" for 127.0.0.1 at 2017-08-27 07:29:47 -0300
Processing by HomeController#main as HTML
  Rendering home/main.html.erb within layouts/application
  Rendered home/main.html.erb within layouts/application (2.5ms)
Completed 200 OK in 33ms (Views: 30.3ms)


Started GET "/home/main" for 127.0.0.1 at 2017-08-27 07:30:19 -0300
Processing by HomeController#main as HTML
  Rendering home/main.html.erb within layouts/application
  Rendered home/main.html.erb within layouts/application (1.5ms)
Completed 200 OK in 45ms (Views: 42.9ms)


Started GET "/home/main" for 127.0.0.1 at 2017-08-27 07:30:27 -0300
Processing by HomeController#main as HTML
  Rendering home/main.html.erb within layouts/application
  Rendered home/main.html.erb within layouts/application (1.4ms)
Completed 200 OK in 47ms (Views: 43.7ms)


Started GET "/home/main" for 127.0.0.1 at 2017-08-27 07:30:34 -0300
Processing by HomeController#main as HTML
  Rendering home/main.html.erb within layouts/application
  Rendered home/main.html.erb within layouts/application (1.6ms)
Completed 200 OK in 54ms (Views: 51.9ms)


Started GET "/home/main" for 127.0.0.1 at 2017-08-27 07:30:37 -0300
Processing by HomeController#main as HTML
  Rendering home/main.html.erb within layouts/application
  Rendered home/main.html.erb within layouts/application (1.8ms)
Completed 200 OK in 50ms (Views: 46.6ms)


Started GET "/home/main" for 127.0.0.1 at 2017-08-27 07:30:42 -0300
Processing by HomeController#main as HTML
  Rendering home/main.html.erb within layouts/application
  Rendered home/main.html.erb within layouts/application (2.1ms)
Completed 200 OK in 46ms (Views: 44.4ms)


Started GET "/home/main" for 127.0.0.1 at 2017-08-27 07:30:47 -0300
Processing by HomeController#main as HTML
  Rendering home/main.html.erb within layouts/application
  Rendered home/main.html.erb within layouts/application (1.9ms)
Completed 200 OK in 50ms (Views: 46.5ms)


Started GET "/home/main" for 127.0.0.1 at 2017-08-27 07:30:56 -0300
Processing by HomeController#main as HTML
  Rendering home/main.html.erb within layouts/application
  Rendered home/main.html.erb within layouts/application (2.0ms)
Completed 200 OK in 61ms (Views: 58.1ms)


Started GET "/home/main" for 127.0.0.1 at 2017-08-27 07:31:09 -0300
Processing by HomeController#main as HTML
  Rendering home/main.html.erb within layouts/application
  Rendered home/main.html.erb within layouts/application (2.7ms)
Completed 200 OK in 40ms (Views: 36.4ms)


Started GET "/home/main" for 127.0.0.1 at 2017-08-27 07:32:12 -0300
Processing by HomeController#main as HTML
  Rendering home/main.html.erb within layouts/application
  Rendered home/main.html.erb within layouts/application (2.2ms)
Completed 200 OK in 51ms (Views: 48.4ms)


Started GET "/home/main" for 127.0.0.1 at 2017-08-27 07:35:03 -0300
Processing by HomeController#main as HTML
  Rendering home/main.html.erb within layouts/application
  Rendered home/main.html.erb within layouts/application (1.8ms)
Completed 200 OK in 54ms (Views: 50.7ms)


Started GET "/home/main" for 127.0.0.1 at 2017-08-27 07:35:13 -0300
Processing by HomeController#main as HTML
  Rendering home/main.html.erb within layouts/application
  Rendered home/main.html.erb within layouts/application (2.7ms)
Completed 200 OK in 55ms (Views: 51.6ms)


Started GET "/home/main" for 127.0.0.1 at 2017-08-27 07:35:18 -0300
Processing by HomeController#main as HTML
  Rendering home/main.html.erb within layouts/application
  Rendered home/main.html.erb within layouts/application (2.2ms)
Completed 200 OK in 45ms (Views: 42.0ms)


Started GET "/home/main" for 127.0.0.1 at 2017-08-27 07:35:23 -0300
Processing by HomeController#main as HTML
  Rendering home/main.html.erb within layouts/application
  Rendered home/main.html.erb within layouts/application (3.4ms)
Completed 200 OK in 45ms (Views: 42.2ms)


Started GET "/home/main" for 127.0.0.1 at 2017-08-27 07:35:29 -0300
Processing by HomeController#main as HTML
  Rendering home/main.html.erb within layouts/application
  Rendered home/main.html.erb within layouts/application (1.9ms)
Completed 200 OK in 29ms (Views: 26.0ms)


Started GET "/home/main" for 127.0.0.1 at 2017-08-27 07:36:46 -0300
Processing by HomeController#main as HTML
  Rendering home/main.html.erb within layouts/application
  Rendered home/main.html.erb within layouts/application (1.6ms)
Completed 200 OK in 44ms (Views: 40.6ms)


Started GET "/home/main" for 127.0.0.1 at 2017-08-27 07:37:12 -0300
Processing by HomeController#main as HTML
  Rendering home/main.html.erb within layouts/application
  Rendered home/main.html.erb within layouts/application (2.0ms)
Completed 200 OK in 29ms (Views: 26.3ms)


Started GET "/" for 127.0.0.1 at 2017-08-27 07:38:45 -0300
Processing by HomeController#main as HTML
  Rendering home/main.html.erb within layouts/application
  Rendered home/main.html.erb within layouts/application (1.6ms)
Completed 200 OK in 24ms (Views: 21.3ms)


Started GET "/" for 127.0.0.1 at 2017-08-27 07:39:37 -0300
Processing by HomeController#main as HTML
  Rendering home/main.html.erb within layouts/application
  Rendered home/main.html.erb within layouts/application (1.6ms)
Completed 200 OK in 53ms (Views: 50.7ms)


Started GET "/" for 127.0.0.1 at 2017-08-27 07:40:31 -0300
Processing by HomeController#main as HTML
  Rendering home/main.html.erb within layouts/application
  Rendered home/main.html.erb within layouts/application (2.4ms)
Completed 200 OK in 68ms (Views: 64.7ms)


Started GET "/" for 127.0.0.1 at 2017-08-27 07:40:32 -0300
Processing by HomeController#main as HTML
  Rendering home/main.html.erb within layouts/application
  Rendered home/main.html.erb within layouts/application (1.6ms)
Completed 200 OK in 32ms (Views: 29.2ms)


Started GET "/" for 127.0.0.1 at 2017-08-27 07:40:32 -0300
Processing by HomeController#main as HTML
  Rendering home/main.html.erb within layouts/application
  Rendered home/main.html.erb within layouts/application (2.1ms)
Completed 200 OK in 33ms (Views: 29.8ms)


Started GET "/" for 127.0.0.1 at 2017-08-27 07:40:33 -0300
Processing by HomeController#main as HTML
  Rendering home/main.html.erb within layouts/application
  Rendered home/main.html.erb within layouts/application (1.7ms)
Completed 200 OK in 25ms (Views: 23.1ms)


Started GET "/" for 127.0.0.1 at 2017-08-27 07:40:38 -0300
Processing by HomeController#main as HTML
  Rendering home/main.html.erb within layouts/application
  Rendered home/main.html.erb within layouts/application (2.8ms)
Completed 200 OK in 55ms (Views: 52.0ms)


Started GET "/" for 127.0.0.1 at 2017-08-27 07:40:38 -0300
Processing by HomeController#main as HTML
  Rendering home/main.html.erb within layouts/application
  Rendered home/main.html.erb within layouts/application (1.4ms)
Completed 200 OK in 29ms (Views: 27.2ms)


Started GET "/" for 127.0.0.1 at 2017-08-27 07:41:01 -0300
Processing by HomeController#main as HTML
  Rendering home/main.html.erb within layouts/application
  Rendered home/main.html.erb within layouts/application (1.6ms)
Completed 200 OK in 31ms (Views: 29.3ms)


Started GET "/" for 127.0.0.1 at 2017-08-27 07:43:36 -0300
Processing by HomeController#main as HTML
  Rendering home/main.html.erb within layouts/application
  Rendered home/main.html.erb within layouts/application (2.6ms)
Completed 200 OK in 54ms (Views: 50.8ms)


Started GET "/" for 127.0.0.1 at 2017-08-27 07:43:41 -0300
Processing by HomeController#main as HTML
  Rendering home/main.html.erb within layouts/application
  Rendered home/main.html.erb within layouts/application (2.6ms)
Completed 200 OK in 41ms (Views: 38.1ms)


Started GET "/" for 127.0.0.1 at 2017-08-27 07:44:23 -0300
Processing by HomeController#main as HTML
  Rendering home/main.html.erb within layouts/application
  Rendered home/main.html.erb within layouts/application (1.8ms)
Completed 200 OK in 57ms (Views: 53.8ms)


Started GET "/" for 127.0.0.1 at 2017-08-27 07:44:31 -0300
Processing by HomeController#main as HTML
  Rendering home/main.html.erb within layouts/application
  Rendered home/main.html.erb within layouts/application (1.8ms)
Completed 200 OK in 29ms (Views: 26.0ms)


Started GET "/" for 127.0.0.1 at 2017-08-27 07:45:44 -0300
Processing by HomeController#main as HTML
  Rendering home/main.html.erb within layouts/application
  Rendered home/main.html.erb within layouts/application (1.6ms)
Completed 200 OK in 28ms (Views: 25.9ms)


Started GET "/" for 127.0.0.1 at 2017-08-27 07:46:52 -0300
Processing by HomeController#main as HTML
  Rendering home/main.html.erb within layouts/application
  Rendered home/main.html.erb within layouts/application (1.8ms)
Completed 200 OK in 48ms (Views: 44.5ms)


Started GET "/" for 127.0.0.1 at 2017-08-27 07:47:00 -0300
Processing by HomeController#main as HTML
  Rendering home/main.html.erb within layouts/application
  Rendered home/main.html.erb within layouts/application (1.4ms)
Completed 200 OK in 56ms (Views: 54.3ms)


Started GET "/" for 127.0.0.1 at 2017-08-27 07:49:04 -0300
Processing by HomeController#main as HTML
  Rendering home/main.html.erb within layouts/application
  Rendered home/main.html.erb within layouts/application (3.0ms)
Completed 200 OK in 47ms (Views: 44.2ms)


Started GET "/" for 127.0.0.1 at 2017-08-27 07:49:14 -0300
Processing by HomeController#main as HTML
  Rendering home/main.html.erb within layouts/application
  Rendered home/main.html.erb within layouts/application (2.1ms)
Completed 200 OK in 71ms (Views: 67.6ms)


Started GET "/" for 127.0.0.1 at 2017-08-27 07:49:53 -0300
Processing by HomeController#main as HTML
  Rendering home/main.html.erb within layouts/application
  Rendered home/main.html.erb within layouts/application (2.9ms)
Completed 200 OK in 69ms (Views: 65.6ms)


Started GET "/" for 127.0.0.1 at 2017-08-27 07:50:02 -0300
Processing by HomeController#main as HTML
  Rendering home/main.html.erb within layouts/application
  Rendered home/main.html.erb within layouts/application (2.5ms)
Completed 200 OK in 48ms (Views: 45.1ms)


Started GET "/" for 127.0.0.1 at 2017-08-27 07:50:06 -0300
Processing by HomeController#main as HTML
  Rendering home/main.html.erb within layouts/application
  Rendered home/main.html.erb within layouts/application (2.8ms)
Completed 200 OK in 53ms (Views: 49.8ms)


Started GET "/" for 127.0.0.1 at 2017-08-27 07:50:12 -0300
Processing by HomeController#main as HTML
  Rendering home/main.html.erb within layouts/application
  Rendered home/main.html.erb within layouts/application (2.6ms)
Completed 200 OK in 54ms (Views: 50.8ms)


Started GET "/" for 127.0.0.1 at 2017-08-27 07:50:18 -0300
Processing by HomeController#main as HTML
  Rendering home/main.html.erb within layouts/application
  Rendered home/main.html.erb within layouts/application (2.0ms)
Completed 200 OK in 52ms (Views: 49.5ms)


Started GET "/" for 127.0.0.1 at 2017-08-27 07:50:23 -0300
Processing by HomeController#main as HTML
  Rendering home/main.html.erb within layouts/application
  Rendered home/main.html.erb within layouts/application (2.1ms)
Completed 200 OK in 24ms (Views: 21.6ms)


Started GET "/" for 127.0.0.1 at 2017-08-27 07:50:31 -0300
Processing by HomeController#main as HTML
  Rendering home/main.html.erb within layouts/application
  Rendered home/main.html.erb within layouts/application (1.8ms)
Completed 200 OK in 43ms (Views: 40.9ms)


Started GET "/" for 127.0.0.1 at 2017-08-27 07:50:36 -0300
Processing by HomeController#main as HTML
  Rendering home/main.html.erb within layouts/application
  Rendered home/main.html.erb within layouts/application (1.9ms)
Completed 200 OK in 47ms (Views: 44.9ms)


Started GET "/" for 127.0.0.1 at 2017-08-27 07:50:42 -0300
Processing by HomeController#main as HTML
  Rendering home/main.html.erb within layouts/application
  Rendered home/main.html.erb within layouts/application (1.7ms)
Completed 200 OK in 58ms (Views: 55.5ms)


Started GET "/" for 127.0.0.1 at 2017-08-27 07:51:04 -0300
Processing by HomeController#main as HTML
  Rendering home/main.html.erb within layouts/application
  Rendered home/main.html.erb within layouts/application (1.5ms)
Completed 200 OK in 42ms (Views: 37.8ms)


Started GET "/" for 127.0.0.1 at 2017-08-27 07:51:46 -0300
Processing by HomeController#main as HTML
  Rendering home/main.html.erb within layouts/application
  Rendered home/main.html.erb within layouts/application (3.1ms)
Completed 200 OK in 47ms (Views: 43.7ms)


Started GET "/" for 127.0.0.1 at 2017-08-27 07:51:53 -0300
Processing by HomeController#main as HTML
  Rendering home/main.html.erb within layouts/application
  Rendered home/main.html.erb within layouts/application (1.7ms)
Completed 200 OK in 58ms (Views: 56.1ms)


Started GET "/" for 127.0.0.1 at 2017-08-27 07:52:22 -0300
Processing by HomeController#main as HTML
  Rendering home/main.html.erb within layouts/application
  Rendered home/main.html.erb within layouts/application (3.2ms)
Completed 200 OK in 54ms (Views: 51.0ms)


Started GET "/" for 127.0.0.1 at 2017-08-27 07:52:33 -0300
Processing by HomeController#main as HTML
  Rendering home/main.html.erb within layouts/application
  Rendered home/main.html.erb within layouts/application (5.8ms)
Completed 200 OK in 78ms (Views: 74.5ms)


Started GET "/" for 127.0.0.1 at 2017-08-27 07:52:34 -0300
Processing by HomeController#main as HTML
  Rendering home/main.html.erb within layouts/application
  Rendered home/main.html.erb within layouts/application (1.7ms)
Completed 200 OK in 56ms (Views: 52.8ms)


Started GET "/" for 127.0.0.1 at 2017-08-27 07:52:35 -0300
Processing by HomeController#main as HTML
  Rendering home/main.html.erb within layouts/application
  Rendered home/main.html.erb within layouts/application (1.7ms)
Completed 200 OK in 21ms (Views: 19.4ms)


Started GET "/" for 127.0.0.1 at 2017-08-27 07:52:35 -0300
Processing by HomeController#main as HTML
  Rendering home/main.html.erb within layouts/application
  Rendered home/main.html.erb within layouts/application (2.3ms)
Completed 200 OK in 29ms (Views: 26.5ms)


Started GET "/" for 127.0.0.1 at 2017-08-27 07:52:52 -0300
Processing by HomeController#main as HTML
  Rendering home/main.html.erb within layouts/application
  Rendered home/main.html.erb within layouts/application (1.8ms)
Completed 200 OK in 53ms (Views: 49.4ms)


Started GET "/" for 127.0.0.1 at 2017-08-27 07:53:01 -0300
Processing by HomeController#main as HTML
  Rendering home/main.html.erb within layouts/application
  Rendered home/main.html.erb within layouts/application (1.6ms)
Completed 200 OK in 30ms (Views: 27.6ms)


Started GET "/" for 127.0.0.1 at 2017-08-27 07:55:13 -0300
Processing by HomeController#main as HTML
  Rendering home/main.html.erb within layouts/application
  Rendered home/main.html.erb within layouts/application (1.4ms)
Completed 200 OK in 40ms (Views: 37.8ms)


Started GET "/" for 127.0.0.1 at 2017-08-27 07:58:07 -0300
Processing by HomeController#main as HTML
  Rendering home/main.html.erb within layouts/application
  Rendered home/main.html.erb within layouts/application (1.6ms)
Completed 200 OK in 49ms (Views: 46.8ms)


Started GET "/home/result" for 127.0.0.1 at 2017-08-27 07:58:34 -0300
Processing by HomeController#result as HTML
  Rendering home/result.html.erb within layouts/application
  Rendered home/result.html.erb within layouts/application (1678.4ms)
Completed 200 OK in 1698ms (Views: 1696.0ms)


Started GET "/" for 127.0.0.1 at 2017-08-27 07:59:10 -0300
Processing by HomeController#main as HTML
  Rendering home/main.html.erb within layouts/application
  Rendered home/main.html.erb within layouts/application (1.7ms)
Completed 200 OK in 47ms (Views: 44.6ms)


Started GET "/" for 127.0.0.1 at 2017-08-27 07:59:17 -0300
Processing by HomeController#main as HTML
  Rendering home/main.html.erb within layouts/application
  Rendered home/main.html.erb within layouts/application (1.6ms)
Completed 200 OK in 48ms (Views: 44.7ms)


Started GET "/" for 127.0.0.1 at 2017-08-27 07:59:59 -0300
Processing by HomeController#main as HTML
  Rendering home/main.html.erb within layouts/application
  Rendered home/main.html.erb within layouts/application (1.9ms)
Completed 200 OK in 47ms (Views: 45.8ms)


Started GET "/" for 127.0.0.1 at 2017-08-27 08:00:39 -0300
Processing by HomeController#main as HTML
  Rendering home/main.html.erb within layouts/application
  Rendered home/main.html.erb within layouts/application (1.6ms)
Completed 200 OK in 40ms (Views: 37.1ms)


Started GET "/" for 127.0.0.1 at 2017-08-27 08:01:03 -0300
Processing by HomeController#main as HTML
  Rendering home/main.html.erb within layouts/application
  Rendered home/main.html.erb within layouts/application (1.9ms)
Completed 200 OK in 52ms (Views: 50.6ms)


Started GET "/" for 127.0.0.1 at 2017-08-27 08:01:13 -0300
Processing by HomeController#main as HTML
  Rendering home/main.html.erb within layouts/application
  Rendered home/main.html.erb within layouts/application (1.8ms)
Completed 200 OK in 53ms (Views: 50.4ms)


Started GET "/" for 127.0.0.1 at 2017-08-27 08:02:45 -0300
Processing by HomeController#main as HTML
  Rendering home/main.html.erb within layouts/application
  Rendered home/main.html.erb within layouts/application (1.4ms)
Completed 200 OK in 39ms (Views: 36.7ms)


Started GET "/" for 127.0.0.1 at 2017-08-27 08:03:11 -0300
Processing by HomeController#main as HTML
  Rendering home/main.html.erb within layouts/application
  Rendered home/main.html.erb within layouts/application (1.7ms)
Completed 200 OK in 53ms (Views: 50.7ms)


Started GET "/" for 127.0.0.1 at 2017-08-27 08:03:40 -0300
Processing by HomeController#main as HTML
  Rendering home/main.html.erb within layouts/application
  Rendered home/main.html.erb within layouts/application (1.9ms)
Completed 200 OK in 26ms (Views: 23.5ms)


Started GET "/" for 127.0.0.1 at 2017-08-27 08:04:00 -0300
Processing by HomeController#main as HTML
  Rendering home/main.html.erb within layouts/application
  Rendered home/main.html.erb within layouts/application (1.7ms)
Completed 200 OK in 49ms (Views: 47.0ms)


Started GET "/" for 127.0.0.1 at 2017-08-27 08:04:24 -0300
Processing by HomeController#main as HTML
  Rendering home/main.html.erb within layouts/application
  Rendered home/main.html.erb within layouts/application (1.6ms)
Completed 200 OK in 44ms (Views: 42.0ms)


Started GET "/" for 127.0.0.1 at 2017-08-27 08:04:56 -0300
Processing by HomeController#main as HTML
  Rendering home/main.html.erb within layouts/application
  Rendered home/main.html.erb within layouts/application (1.4ms)
Completed 200 OK in 48ms (Views: 46.3ms)


Started GET "/" for 127.0.0.1 at 2017-08-27 08:05:01 -0300
Processing by HomeController#main as HTML
  Rendering home/main.html.erb within layouts/application
  Rendered home/main.html.erb within layouts/application (1.3ms)
Completed 200 OK in 43ms (Views: 41.6ms)


Started GET "/" for 127.0.0.1 at 2017-08-27 08:05:06 -0300
Processing by HomeController#main as HTML
  Rendering home/main.html.erb within layouts/application
  Rendered home/main.html.erb within layouts/application (2.2ms)
Completed 200 OK in 45ms (Views: 43.0ms)


Started GET "/" for 127.0.0.1 at 2017-08-27 08:05:12 -0300
Processing by HomeController#main as HTML
  Rendering home/main.html.erb within layouts/application
  Rendered home/main.html.erb within layouts/application (1.6ms)
Completed 200 OK in 45ms (Views: 43.4ms)


Started GET "/" for 127.0.0.1 at 2017-08-27 08:06:03 -0300
Processing by HomeController#main as HTML
  Rendering home/main.html.erb within layouts/application
  Rendered home/main.html.erb within layouts/application (1.6ms)
Completed 200 OK in 49ms (Views: 47.1ms)


Started GET "/" for 127.0.0.1 at 2017-08-27 08:06:33 -0300
Processing by HomeController#main as HTML
  Rendering home/main.html.erb within layouts/application
  Rendered home/main.html.erb within layouts/application (3.2ms)
Completed 200 OK in 50ms (Views: 47.7ms)


Started GET "/" for 127.0.0.1 at 2017-08-27 08:07:34 -0300
Processing by HomeController#main as HTML
  Rendering home/main.html.erb within layouts/application
  Rendered home/main.html.erb within layouts/application (1.5ms)
Completed 200 OK in 47ms (Views: 42.9ms)


Started GET "/" for 127.0.0.1 at 2017-08-27 08:07:40 -0300
Processing by HomeController#main as HTML
  Rendering home/main.html.erb within layouts/application
  Rendered home/main.html.erb within layouts/application (1.7ms)
Completed 200 OK in 56ms (Views: 52.5ms)


Started GET "/" for 127.0.0.1 at 2017-08-27 08:08:28 -0300
Processing by HomeController#main as HTML
  Rendering home/main.html.erb within layouts/application
  Rendered home/main.html.erb within layouts/application (1.7ms)
Completed 200 OK in 46ms (Views: 43.7ms)


Started GET "/" for 127.0.0.1 at 2017-08-27 08:08:36 -0300
Processing by HomeController#main as HTML
  Rendering home/main.html.erb within layouts/application
  Rendered home/main.html.erb within layouts/application (1.5ms)
Completed 200 OK in 52ms (Views: 48.3ms)


Started GET "/" for 127.0.0.1 at 2017-08-27 08:08:45 -0300
Processing by HomeController#main as HTML
  Rendering home/main.html.erb within layouts/application
  Rendered home/main.html.erb within layouts/application (1.5ms)
Completed 200 OK in 42ms (Views: 40.1ms)


Started GET "/" for 127.0.0.1 at 2017-08-27 08:09:07 -0300
Processing by HomeController#main as HTML
  Rendering home/main.html.erb within layouts/application
  Rendered home/main.html.erb within layouts/application (1.5ms)
Completed 200 OK in 46ms (Views: 43.5ms)


Started GET "/" for 127.0.0.1 at 2017-08-27 08:09:18 -0300
Processing by HomeController#main as HTML
  Rendering home/main.html.erb within layouts/application
  Rendered home/main.html.erb within layouts/application (2.0ms)
Completed 200 OK in 56ms (Views: 52.8ms)


Started GET "/" for 127.0.0.1 at 2017-08-27 08:09:37 -0300
Processing by HomeController#main as HTML
  Rendering home/main.html.erb within layouts/application
  Rendered home/main.html.erb within layouts/application (2.1ms)
Completed 200 OK in 47ms (Views: 45.1ms)


Started GET "/" for 127.0.0.1 at 2017-08-27 08:09:45 -0300
Processing by HomeController#main as HTML
  Rendering home/main.html.erb within layouts/application
  Rendered home/main.html.erb within layouts/application (1.8ms)
Completed 200 OK in 49ms (Views: 44.8ms)


Started GET "/" for 127.0.0.1 at 2017-08-27 08:09:49 -0300
Processing by HomeController#main as HTML
  Rendering home/main.html.erb within layouts/application
  Rendered home/main.html.erb within layouts/application (1.7ms)
Completed 200 OK in 50ms (Views: 47.4ms)


Started GET "/" for 127.0.0.1 at 2017-08-27 08:10:15 -0300
Processing by HomeController#main as HTML
  Rendering home/main.html.erb within layouts/application
  Rendered home/main.html.erb within layouts/application (2.2ms)
Completed 200 OK in 39ms (Views: 36.6ms)


Started GET "/" for 127.0.0.1 at 2017-08-27 08:10:22 -0300
Processing by HomeController#main as HTML
  Rendering home/main.html.erb within layouts/application
  Rendered home/main.html.erb within layouts/application (2.1ms)
Completed 200 OK in 61ms (Views: 58.8ms)


Started GET "/" for 127.0.0.1 at 2017-08-27 08:10:52 -0300
Processing by HomeController#main as HTML
  Rendering home/main.html.erb within layouts/application
  Rendered home/main.html.erb within layouts/application (1.5ms)
Completed 200 OK in 54ms (Views: 52.1ms)


Started GET "/" for 127.0.0.1 at 2017-08-27 08:10:59 -0300
Processing by HomeController#main as HTML
  Rendering home/main.html.erb within layouts/application
  Rendered home/main.html.erb within layouts/application (2.1ms)
Completed 200 OK in 49ms (Views: 44.6ms)


Started GET "/" for 127.0.0.1 at 2017-08-27 08:11:19 -0300
Processing by HomeController#main as HTML
  Rendering home/main.html.erb within layouts/application
  Rendered home/main.html.erb within layouts/application (1.5ms)
Completed 200 OK in 43ms (Views: 40.5ms)


Started GET "/" for 127.0.0.1 at 2017-08-27 08:11:23 -0300
Processing by HomeController#main as HTML
  Rendering home/main.html.erb within layouts/application
  Rendered home/main.html.erb within layouts/application (2.6ms)
Completed 200 OK in 23ms (Views: 21.0ms)


Started GET "/" for 127.0.0.1 at 2017-08-27 08:11:41 -0300
Processing by HomeController#main as HTML
  Rendering home/main.html.erb within layouts/application
  Rendered home/main.html.erb within layouts/application (1.5ms)
Completed 200 OK in 51ms (Views: 48.2ms)


Started GET "/" for 127.0.0.1 at 2017-08-27 08:11:47 -0300
Processing by HomeController#main as HTML
  Rendering home/main.html.erb within layouts/application
  Rendered home/main.html.erb within layouts/application (2.7ms)
Completed 200 OK in 51ms (Views: 48.9ms)


Started GET "/" for 127.0.0.1 at 2017-08-27 08:11:53 -0300
Processing by HomeController#main as HTML
  Rendering home/main.html.erb within layouts/application
  Rendered home/main.html.erb within layouts/application (2.5ms)
Completed 200 OK in 53ms (Views: 49.9ms)


Started GET "/" for 127.0.0.1 at 2017-08-27 08:12:00 -0300
Processing by HomeController#main as HTML
  Rendering home/main.html.erb within layouts/application
  Rendered home/main.html.erb within layouts/application (1.8ms)
Completed 200 OK in 52ms (Views: 49.9ms)


Started GET "/" for 127.0.0.1 at 2017-08-27 08:12:15 -0300
Processing by HomeController#main as HTML
  Rendering home/main.html.erb within layouts/application
  Rendered home/main.html.erb within layouts/application (2.0ms)
Completed 200 OK in 47ms (Views: 45.0ms)


Started GET "/" for 127.0.0.1 at 2017-08-27 08:12:35 -0300
Processing by HomeController#main as HTML
  Rendering home/main.html.erb within layouts/application
  Rendered home/main.html.erb within layouts/application (1.7ms)
Completed 200 OK in 49ms (Views: 46.2ms)


Started GET "/" for 127.0.0.1 at 2017-08-27 08:12:49 -0300
Processing by HomeController#main as HTML
  Rendering home/main.html.erb within layouts/application
  Rendered home/main.html.erb within layouts/application (1.5ms)
Completed 200 OK in 43ms (Views: 41.4ms)


Started GET "/" for 127.0.0.1 at 2017-08-27 08:12:57 -0300
Processing by HomeController#main as HTML
  Rendering home/main.html.erb within layouts/application
  Rendered home/main.html.erb within layouts/application (1.8ms)
Completed 200 OK in 49ms (Views: 46.8ms)


Started GET "/" for 127.0.0.1 at 2017-08-27 08:13:01 -0300
Processing by HomeController#main as HTML
  Rendering home/main.html.erb within layouts/application
  Rendered home/main.html.erb within layouts/application (1.6ms)
Completed 200 OK in 55ms (Views: 52.6ms)


Started GET "/" for 127.0.0.1 at 2017-08-27 08:13:20 -0300
Processing by HomeController#main as HTML
  Rendering home/main.html.erb within layouts/application
  Rendered home/main.html.erb within layouts/application (2.0ms)
Completed 200 OK in 48ms (Views: 46.2ms)


Started GET "/" for 127.0.0.1 at 2017-08-27 08:13:38 -0300
Processing by HomeController#main as HTML
  Rendering home/main.html.erb within layouts/application
  Rendered home/main.html.erb within layouts/application (1.5ms)
Completed 200 OK in 44ms (Views: 40.9ms)


Started GET "/" for 127.0.0.1 at 2017-08-27 08:13:46 -0300
Processing by HomeController#main as HTML
  Rendering home/main.html.erb within layouts/application
  Rendered home/main.html.erb within layouts/application (1.8ms)
Completed 200 OK in 52ms (Views: 50.0ms)


Started GET "/" for 127.0.0.1 at 2017-08-27 08:15:55 -0300
Processing by HomeController#main as HTML
  Rendering home/main.html.erb within layouts/application
  Rendered home/main.html.erb within layouts/application (1.5ms)
Completed 200 OK in 48ms (Views: 45.4ms)


Started GET "/" for 127.0.0.1 at 2017-08-27 08:16:08 -0300
Processing by HomeController#main as HTML
  Rendering home/main.html.erb within layouts/application
  Rendered home/main.html.erb within layouts/application (1.3ms)
Completed 200 OK in 53ms (Views: 51.6ms)


Started GET "/" for 127.0.0.1 at 2017-08-27 08:16:14 -0300
Processing by HomeController#main as HTML
  Rendering home/main.html.erb within layouts/application
  Rendered home/main.html.erb within layouts/application (1.3ms)
Completed 200 OK in 20ms (Views: 18.4ms)


Started GET "/" for 127.0.0.1 at 2017-08-27 08:16:39 -0300
Processing by HomeController#main as HTML
  Rendering home/main.html.erb within layouts/application
  Rendered home/main.html.erb within layouts/application (2.3ms)
Completed 200 OK in 26ms (Views: 23.0ms)


Started GET "/" for 127.0.0.1 at 2017-08-27 08:16:56 -0300
Processing by HomeController#main as HTML
  Rendering home/main.html.erb within layouts/application
  Rendered home/main.html.erb within layouts/application (1.6ms)
Completed 200 OK in 27ms (Views: 23.8ms)


Started GET "/" for 127.0.0.1 at 2017-08-27 08:17:13 -0300
Processing by HomeController#main as HTML
  Rendering home/main.html.erb within layouts/application
  Rendered home/main.html.erb within layouts/application (2.7ms)
Completed 200 OK in 31ms (Views: 29.5ms)


Started GET "/" for 127.0.0.1 at 2017-08-27 08:17:14 -0300
Processing by HomeController#main as HTML
  Rendering home/main.html.erb within layouts/application
  Rendered home/main.html.erb within layouts/application (2.3ms)
Completed 200 OK in 26ms (Views: 24.1ms)


Started GET "/" for 127.0.0.1 at 2017-08-27 08:17:14 -0300
Processing by HomeController#main as HTML
  Rendering home/main.html.erb within layouts/application
  Rendered home/main.html.erb within layouts/application (2.1ms)
Completed 200 OK in 30ms (Views: 26.7ms)


Started GET "/" for 127.0.0.1 at 2017-08-27 08:17:15 -0300
Processing by HomeController#main as HTML
  Rendering home/main.html.erb within layouts/application
  Rendered home/main.html.erb within layouts/application (2.6ms)
Completed 200 OK in 42ms (Views: 38.3ms)


Started GET "/" for 127.0.0.1 at 2017-08-27 08:17:17 -0300
Processing by HomeController#main as HTML
  Rendering home/main.html.erb within layouts/application
  Rendered home/main.html.erb within layouts/application (1.7ms)
Completed 200 OK in 28ms (Views: 25.5ms)


Started GET "/" for 127.0.0.1 at 2017-08-27 08:17:35 -0300
Processing by HomeController#main as HTML
  Rendering home/main.html.erb within layouts/application
  Rendered home/main.html.erb within layouts/application (3.2ms)
Completed 200 OK in 47ms (Views: 45.3ms)


Started GET "/" for 127.0.0.1 at 2017-08-27 08:17:38 -0300
Processing by HomeController#main as HTML
  Rendering home/main.html.erb within layouts/application
  Rendered home/main.html.erb within layouts/application (1.5ms)
Completed 200 OK in 24ms (Views: 22.0ms)


Started GET "/" for 127.0.0.1 at 2017-08-27 08:17:57 -0300
Processing by HomeController#main as HTML
  Rendering home/main.html.erb within layouts/application
  Rendered home/main.html.erb within layouts/application (1.7ms)
Completed 200 OK in 40ms (Views: 36.6ms)


Started GET "/" for 127.0.0.1 at 2017-08-27 08:18:02 -0300
Processing by HomeController#main as HTML
  Rendering home/main.html.erb within layouts/application
  Rendered home/main.html.erb within layouts/application (2.2ms)
Completed 200 OK in 24ms (Views: 22.5ms)


Started GET "/" for 127.0.0.1 at 2017-08-27 08:19:06 -0300
Processing by HomeController#main as HTML
  Rendering home/main.html.erb within layouts/application
  Rendered home/main.html.erb within layouts/application (1.9ms)
Completed 200 OK in 52ms (Views: 48.6ms)


Started GET "/" for 127.0.0.1 at 2017-08-27 08:19:10 -0300
Processing by HomeController#main as HTML
  Rendering home/main.html.erb within layouts/application
  Rendered home/main.html.erb within layouts/application (2.2ms)
Completed 200 OK in 42ms (Views: 40.6ms)


Started GET "/" for 127.0.0.1 at 2017-08-27 08:19:14 -0300
Processing by HomeController#main as HTML
  Rendering home/main.html.erb within layouts/application
  Rendered home/main.html.erb within layouts/application (1.5ms)
Completed 200 OK in 54ms (Views: 50.8ms)


Started GET "/" for 127.0.0.1 at 2017-08-27 08:19:17 -0300
Processing by HomeController#main as HTML
  Rendering home/main.html.erb within layouts/application
  Rendered home/main.html.erb within layouts/application (1.6ms)
Completed 200 OK in 28ms (Views: 24.5ms)


Started GET "/" for 127.0.0.1 at 2017-08-27 08:19:21 -0300
Processing by HomeController#main as HTML
  Rendering home/main.html.erb within layouts/application
  Rendered home/main.html.erb within layouts/application (2.2ms)
Completed 200 OK in 50ms (Views: 46.4ms)


Started GET "/" for 127.0.0.1 at 2017-08-27 08:19:36 -0300
Processing by HomeController#main as HTML
  Rendering home/main.html.erb within layouts/application
  Rendered home/main.html.erb within layouts/application (1.3ms)
Completed 200 OK in 40ms (Views: 38.4ms)


Started GET "/" for 127.0.0.1 at 2017-08-27 08:21:49 -0300
Processing by HomeController#main as HTML
  Rendering home/main.html.erb within layouts/application
  Rendered home/main.html.erb within layouts/application (2.3ms)
Completed 200 OK in 44ms (Views: 40.7ms)


